{
    "ts": "2025-12-24T20:46:43+00:00",
    "method": "POST",
    "content_type": "application\/json",
    "get": [],
    "post": [],
    "raw_body": "{\"test\": \"from_local\"}",
    "headers": {
        "Cf-Timezone": "America\/New_York",
        "Content-Type": "application\/json",
        "Cf-Iplongitude": "-81.65565",
        "X-Forwarded-Proto": "http",
        "Cf-Metro-Code": "561",
        "Cdn-Loop": "cloudflare; loops=1",
        "Cf-Ipcity": "Jacksonville",
        "Content-Length": "22",
        "X-Forwarded-For": "127.0.0.1",
        "Accept-Encoding": "gzip, br",
        "Cf-Ipcontinent": "NA",
        "Via": "1.1 Caddy",
        "Host": "mechanicstaugustine.com",
        "X-Forwarded-Host": "mechanicstaugustine.com",
        "Cf-Postal-Code": "32202",
        "Cf-Ray": "9b32f32289729877-ATL",
        "Cf-Ipcountry": "US",
        "Cf-Cert-Verified": "false",
        "Cf-Cert-Revoked": "false",
        "Cf-Warp-Tag-Id": "21dcf6de-8b91-4a71-ba89-a9d07be825fd",
        "Accept": "*\/*",
        "Cf-Cert-Presented": "false",
        "Cf-Visitor": "{\"scheme\":\"https\"}",
        "Cf-Region": "Florida",
        "Cf-Iplatitude": "30.33218",
        "User-Agent": "curl\/8.5.0",
        "Cf-Region-Code": "FL"
    }
}

{
    "ts": "2025-12-24T20:49:45+00:00",
    "method": "POST",
    "content_type": "application\/json",
    "get": [],
    "post": [],
    "raw_body": "{\"event_type\":\"calling.call.state\",\"event_channel\":\"swml:0bc1eefd-6a34-4bb5-9081-9d429216a131\",\"timestamp\":1766609385.396849,\"project_id\":\"ce4806cb-ccb0-41e9-8bf1-7ea59536adfd\",\"space_id\":\"b1fea176-91e4-44fb-942f-5d52f0ac179d\",\"params\":{\"call_id\":\"d207a354-f4d2-4353-ad28-36cfd8586831\",\"node_id\":\"dec4bd74-2f45-4bf3-8202-1d95ef6f31d9@us-west\",\"segment_id\":\"d207a354-f4d2-4353-ad28-36cfd8586831\",\"call_state\":\"ended\",\"parent\":{\"device_type\":\"phone\",\"call_id\":\"1ae72645-e130-4422-8fc5-984a1a8882f7\",\"node_id\":\"dec4bd74-2f45-4bf3-8202-1d95ef6f31d9@us-west\"},\"peer\":{\"call_id\":\"1ae72645-e130-4422-8fc5-984a1a8882f7\",\"node_id\":\"dec4bd74-2f45-4bf3-8202-1d95ef6f31d9@us-west\"},\"direction\":\"outbound\",\"device\":{\"type\":\"phone\",\"params\":{\"from_number\":\"+19046156899\",\"to_number\":\"+19046634789\",\"headers\":[]}},\"end_reason\":\"hangup\",\"end_source\":\"inbound\",\"audio_in_mos\":4.5,\"start_time\":1766609366443,\"answer_time\":1766609371898,\"end_time\":1766609385210}}",
    "headers": {
        "Cf-Cert-Verified": "false",
        "Cf-Region-Code": "IA",
        "Content-Type": "application\/json",
        "Cf-Postal-Code": "51502",
        "Cf-Metro-Code": "652",
        "Cf-Timezone": "America\/Chicago",
        "Via": "1.1 Caddy",
        "Cf-Visitor": "{\"scheme\":\"https\"}",
        "Elastic-Apm-Traceparent": "00-80646ba809d818b241b854fd3c3bd22e-9557dfed5d1e3bdf-01",
        "Tracestate": "es=s:0.15",
        "Content-Length": "944",
        "User-Agent": "SignalwireCallback\/1.0",
        "Cf-Iplongitude": "-95.86083",
        "Accept-Encoding": "gzip, br",
        "Cdn-Loop": "cloudflare; loops=1",
        "Cf-Cert-Revoked": "false",
        "Cf-Warp-Tag-Id": "21dcf6de-8b91-4a71-ba89-a9d07be825fd",
        "Cf-Region": "Iowa",
        "X-Forwarded-For": "127.0.0.1",
        "X-Forwarded-Proto": "http",
        "Cf-Ipcity": "Council Bluffs",
        "Cf-Iplatitude": "41.26194",
        "Cf-Ipcountry": "US",
        "Accept": "*\/*",
        "Host": "mechanicstaugustine.com",
        "X-Forwarded-Host": "mechanicstaugustine.com",
        "Traceparent": "00-80646ba809d818b241b854fd3c3bd22e-9557dfed5d1e3bdf-01",
        "Cf-Ray": "9b32f793df48003d-ORD",
        "Cf-Ipcontinent": "NA",
        "Cf-Cert-Presented": "false",
        "X-Signalwire-Signature": "7253ab391a9b1419bbe95e046f9f60cf5a0681e9"
    }
}

{
    "ts": "2025-12-24T20:49:45+00:00",
    "method": "POST",
    "content_type": "application\/json",
    "get": [],
    "post": [],
    "raw_body": "{\"event_type\":\"calling.call.state\",\"event_channel\":\"swml:0bc1eefd-6a34-4bb5-9081-9d429216a131\",\"timestamp\":1766609385.398753,\"project_id\":\"ce4806cb-ccb0-41e9-8bf1-7ea59536adfd\",\"space_id\":\"b1fea176-91e4-44fb-942f-5d52f0ac179d\",\"params\":{\"call_id\":\"1ae72645-e130-4422-8fc5-984a1a8882f7\",\"node_id\":\"dec4bd74-2f45-4bf3-8202-1d95ef6f31d9@us-west\",\"segment_id\":\"1ae72645-e130-4422-8fc5-984a1a8882f7\",\"call_state\":\"ended\",\"direction\":\"inbound\",\"device\":{\"type\":\"phone\",\"params\":{\"from_number\":\"+19046156899\",\"to_number\":\"+19047066669\",\"headers\":[]}},\"end_reason\":\"hangup\",\"end_source\":\"outbound\",\"audio_in_mos\":4.5,\"start_time\":1766609361111,\"answer_time\":1766609361896,\"end_time\":1766609385214}}",
    "headers": {
        "Cf-Timezone": "America\/Chicago",
        "X-Signalwire-Signature": "ec349b70ab1f80aa780b039834b3693e39b2b276",
        "Cdn-Loop": "cloudflare; loops=1",
        "Cf-Iplatitude": "41.26194",
        "Cf-Ipcontinent": "NA",
        "Cf-Visitor": "{\"scheme\":\"https\"}",
        "Cf-Ipcountry": "US",
        "Content-Length": "690",
        "Cf-Cert-Revoked": "false",
        "X-Forwarded-Host": "mechanicstaugustine.com",
        "Cf-Cert-Presented": "false",
        "X-Forwarded-Proto": "http",
        "Accept-Encoding": "gzip, br",
        "Host": "mechanicstaugustine.com",
        "Cf-Region": "Iowa",
        "Cf-Warp-Tag-Id": "21dcf6de-8b91-4a71-ba89-a9d07be825fd",
        "Accept": "*\/*",
        "Traceparent": "00-165c1312006d45bc5de318827289352a-6c5b422f95feb1a6-00",
        "Cf-Ipcity": "Council Bluffs",
        "X-Forwarded-For": "127.0.0.1",
        "Content-Type": "application\/json",
        "Via": "1.1 Caddy",
        "Cf-Cert-Verified": "false",
        "Elastic-Apm-Traceparent": "00-165c1312006d45bc5de318827289352a-6c5b422f95feb1a6-00",
        "Cf-Metro-Code": "652",
        "Cf-Region-Code": "IA",
        "Cf-Postal-Code": "51502",
        "Cf-Iplongitude": "-95.86083",
        "Cf-Ray": "9b32f7943e778f49-ORD",
        "Tracestate": "es=s:0.0",
        "User-Agent": "SignalwireCallback\/1.0"
    }
}

{
    "ts": "2025-12-24T20:51:37+00:00",
    "method": "POST",
    "content_type": "application\/json",
    "get": [],
    "post": [],
    "raw_body": "{\"event_type\":\"calling.call.state\",\"event_channel\":\"swml:2486d81a-bc9c-4c76-a25b-826bd1588232\",\"timestamp\":1766609496.791506,\"project_id\":\"ce4806cb-ccb0-41e9-8bf1-7ea59536adfd\",\"space_id\":\"b1fea176-91e4-44fb-942f-5d52f0ac179d\",\"params\":{\"call_id\":\"e12053b5-db5d-4aff-a1ba-92d38510f82d\",\"node_id\":\"a4d38d06-9b66-43c1-84df-fc53b8dab0fa@us-east\",\"segment_id\":\"e12053b5-db5d-4aff-a1ba-92d38510f82d\",\"call_state\":\"ended\",\"parent\":{\"device_type\":\"phone\",\"call_id\":\"051e2e0c-1da1-42b2-b0fc-5fead25e5db1\",\"node_id\":\"a4d38d06-9b66-43c1-84df-fc53b8dab0fa@us-east\"},\"peer\":{\"call_id\":\"051e2e0c-1da1-42b2-b0fc-5fead25e5db1\",\"node_id\":\"a4d38d06-9b66-43c1-84df-fc53b8dab0fa@us-east\"},\"direction\":\"outbound\",\"device\":{\"type\":\"phone\",\"params\":{\"from_number\":\"+19046156899\",\"to_number\":\"+19046634789\",\"headers\":[]}},\"end_reason\":\"hangup\",\"end_source\":\"inbound\",\"audio_in_mos\":4.5,\"start_time\":1766609481603,\"answer_time\":1766609485849,\"end_time\":1766609496624}}",
    "headers": {
        "User-Agent": "SignalwireCallback\/1.0",
        "Cf-Cert-Presented": "false",
        "Accept": "*\/*",
        "Cf-Iplatitude": "41.26194",
        "Content-Length": "944",
        "Cf-Region": "Iowa",
        "Cf-Ipcountry": "US",
        "Cf-Ipcity": "Council Bluffs",
        "Cf-Region-Code": "IA",
        "Cf-Visitor": "{\"scheme\":\"https\"}",
        "Cf-Warp-Tag-Id": "21dcf6de-8b91-4a71-ba89-a9d07be825fd",
        "Cf-Cert-Revoked": "false",
        "Tracestate": "es=s:0.15",
        "X-Signalwire-Signature": "d6e83e09c01aa0217d43a91ba3147bac6c64c8fd",
        "Cf-Iplongitude": "-95.86083",
        "Cdn-Loop": "cloudflare; loops=1",
        "X-Forwarded-Proto": "http",
        "Traceparent": "00-035d37b17a074d09d93c9530b2f11d9a-21f53527b34026d0-01",
        "Cf-Ipcontinent": "NA",
        "Cf-Metro-Code": "652",
        "Cf-Postal-Code": "51502",
        "Accept-Encoding": "gzip, br",
        "Via": "1.1 Caddy",
        "Cf-Cert-Verified": "false",
        "Host": "mechanicstaugustine.com",
        "Elastic-Apm-Traceparent": "00-035d37b17a074d09d93c9530b2f11d9a-21f53527b34026d0-01",
        "X-Forwarded-Host": "mechanicstaugustine.com",
        "Cf-Timezone": "America\/Chicago",
        "Cf-Ray": "9b32fa4ced1bfeda-ORD",
        "X-Forwarded-For": "127.0.0.1",
        "Content-Type": "application\/json"
    }
}

{
    "ts": "2025-12-24T20:51:37+00:00",
    "method": "POST",
    "content_type": "application\/json",
    "get": [],
    "post": [],
    "raw_body": "{\"event_type\":\"calling.call.state\",\"event_channel\":\"swml:2486d81a-bc9c-4c76-a25b-826bd1588232\",\"timestamp\":1766609497.008569,\"project_id\":\"ce4806cb-ccb0-41e9-8bf1-7ea59536adfd\",\"space_id\":\"b1fea176-91e4-44fb-942f-5d52f0ac179d\",\"params\":{\"call_id\":\"051e2e0c-1da1-42b2-b0fc-5fead25e5db1\",\"node_id\":\"a4d38d06-9b66-43c1-84df-fc53b8dab0fa@us-east\",\"segment_id\":\"051e2e0c-1da1-42b2-b0fc-5fead25e5db1\",\"call_state\":\"ended\",\"direction\":\"inbound\",\"device\":{\"type\":\"phone\",\"params\":{\"from_number\":\"+19046156899\",\"to_number\":\"+19047066669\",\"headers\":[]}},\"end_reason\":\"hangup\",\"end_source\":\"outbound\",\"audio_in_mos\":4.5,\"start_time\":1766609477067,\"answer_time\":1766609477847,\"end_time\":1766609496626}}",
    "headers": {
        "Via": "1.1 Caddy",
        "Accept-Encoding": "gzip, br",
        "X-Forwarded-Host": "mechanicstaugustine.com",
        "Cf-Ipcontinent": "NA",
        "Cf-Region-Code": "IA",
        "Cf-Cert-Presented": "false",
        "Cf-Iplatitude": "41.26194",
        "Content-Type": "application\/json",
        "Cdn-Loop": "cloudflare; loops=1",
        "User-Agent": "SignalwireCallback\/1.0",
        "Cf-Ipcountry": "US",
        "Cf-Cert-Revoked": "false",
        "Content-Length": "690",
        "Cf-Ipcity": "Council Bluffs",
        "Host": "mechanicstaugustine.com",
        "Cf-Cert-Verified": "false",
        "X-Forwarded-For": "127.0.0.1",
        "Cf-Iplongitude": "-95.86083",
        "Cf-Metro-Code": "652",
        "Traceparent": "00-def49dcbe45f71ca4e377c39c4cb2d7a-bfb6486c77c936d9-01",
        "Cf-Timezone": "America\/Chicago",
        "Accept": "*\/*",
        "Cf-Postal-Code": "51502",
        "Tracestate": "es=s:0.15",
        "Cf-Ray": "9b32fa4f7e90ab4b-YYZ",
        "X-Forwarded-Proto": "http",
        "X-Signalwire-Signature": "e9ebff45279999c4a8759c57c93d22a5d7fada0e",
        "Elastic-Apm-Traceparent": "00-def49dcbe45f71ca4e377c39c4cb2d7a-bfb6486c77c936d9-01",
        "Cf-Warp-Tag-Id": "21dcf6de-8b91-4a71-ba89-a9d07be825fd",
        "Cf-Visitor": "{\"scheme\":\"https\"}",
        "Cf-Region": "Iowa"
    }
}

{
    "ts": "2025-12-24T20:56:08+00:00",
    "method": "POST",
    "content_type": "application\/json",
    "get": [],
    "post": [],
    "raw_body": "{\"event_type\":\"calling.call.state\",\"event_channel\":\"swml:00bb0420-bfad-4bb0-aded-10385170c670\",\"timestamp\":1766609767.948166,\"project_id\":\"ce4806cb-ccb0-41e9-8bf1-7ea59536adfd\",\"space_id\":\"b1fea176-91e4-44fb-942f-5d52f0ac179d\",\"params\":{\"call_id\":\"3abbbda0-e19d-4492-abd9-764d7708301a\",\"node_id\":\"cf01b293-d362-4775-a0d7-31a012484288@us-west\",\"segment_id\":\"3abbbda0-e19d-4492-abd9-764d7708301a\",\"call_state\":\"ended\",\"parent\":{\"device_type\":\"phone\",\"call_id\":\"1cfdeb1e-d910-4744-8c6c-14695ad27f82\",\"node_id\":\"cf01b293-d362-4775-a0d7-31a012484288@us-west\"},\"peer\":{\"call_id\":\"1cfdeb1e-d910-4744-8c6c-14695ad27f82\",\"node_id\":\"cf01b293-d362-4775-a0d7-31a012484288@us-west\"},\"direction\":\"outbound\",\"device\":{\"type\":\"phone\",\"params\":{\"from_number\":\"+19046156899\",\"to_number\":\"+19046634789\",\"headers\":[]}},\"end_reason\":\"hangup\",\"end_source\":\"inbound\",\"audio_in_mos\":4.5,\"start_time\":1766609742918,\"answer_time\":1766609746753,\"end_time\":1766609767765}}",
    "headers": {
        "Cf-Metro-Code": "652",
        "X-Signalwire-Signature": "c82bdc117bf9df2c3802b4e87304d19bfdbef656",
        "Elastic-Apm-Traceparent": "00-b2a22574b8fb35157ff7a8e57ce9f4f0-339c4a5e550d98a0-01",
        "Cf-Warp-Tag-Id": "21dcf6de-8b91-4a71-ba89-a9d07be825fd",
        "Cf-Cert-Revoked": "false",
        "Cf-Iplongitude": "-95.86083",
        "Tracestate": "es=s:0.15",
        "Cdn-Loop": "cloudflare; loops=1",
        "Cf-Iplatitude": "41.26194",
        "Cf-Ipcountry": "US",
        "Cf-Region": "Iowa",
        "Traceparent": "00-b2a22574b8fb35157ff7a8e57ce9f4f0-339c4a5e550d98a0-01",
        "Content-Length": "944",
        "X-Forwarded-For": "127.0.0.1",
        "Via": "1.1 Caddy",
        "Host": "mechanicstaugustine.com",
        "Content-Type": "application\/json",
        "Accept": "*\/*",
        "Cf-Ray": "9b3300ec6c821b65-ORD",
        "Cf-Timezone": "America\/Chicago",
        "User-Agent": "SignalwireCallback\/1.0",
        "X-Forwarded-Host": "mechanicstaugustine.com",
        "Cf-Cert-Verified": "false",
        "X-Forwarded-Proto": "http",
        "Cf-Cert-Presented": "false",
        "Cf-Visitor": "{\"scheme\":\"https\"}",
        "Cf-Ipcity": "Council Bluffs",
        "Cf-Region-Code": "IA",
        "Cf-Ipcontinent": "NA",
        "Accept-Encoding": "gzip, br",
        "Cf-Postal-Code": "51502"
    }
}

{
    "ts": "2025-12-24T20:56:08+00:00",
    "method": "POST",
    "content_type": "application\/json",
    "get": [],
    "post": [],
    "raw_body": "{\"event_type\":\"calling.call.state\",\"event_channel\":\"swml:00bb0420-bfad-4bb0-aded-10385170c670\",\"timestamp\":1766609768.431724,\"project_id\":\"ce4806cb-ccb0-41e9-8bf1-7ea59536adfd\",\"space_id\":\"b1fea176-91e4-44fb-942f-5d52f0ac179d\",\"params\":{\"call_id\":\"1cfdeb1e-d910-4744-8c6c-14695ad27f82\",\"node_id\":\"cf01b293-d362-4775-a0d7-31a012484288@us-west\",\"segment_id\":\"1cfdeb1e-d910-4744-8c6c-14695ad27f82\",\"call_state\":\"ended\",\"direction\":\"inbound\",\"device\":{\"type\":\"phone\",\"params\":{\"from_number\":\"+19046156899\",\"to_number\":\"+19047066669\",\"headers\":[]}},\"end_reason\":\"hangup\",\"end_source\":\"outbound\",\"audio_in_mos\":4.5,\"start_time\":1766609737983,\"answer_time\":1766609738844,\"end_time\":1766609767782}}",
    "headers": {
        "Cf-Region": "Iowa",
        "Cf-Cert-Revoked": "false",
        "Content-Type": "application\/json",
        "Via": "1.1 Caddy",
        "Accept": "*\/*",
        "X-Forwarded-Proto": "http",
        "X-Forwarded-For": "127.0.0.1",
        "Cf-Cert-Presented": "false",
        "Cf-Ipcontinent": "NA",
        "Cf-Warp-Tag-Id": "21dcf6de-8b91-4a71-ba89-a9d07be825fd",
        "Cf-Cert-Verified": "false",
        "User-Agent": "SignalwireCallback\/1.0",
        "Cf-Iplongitude": "-95.86083",
        "Accept-Encoding": "gzip, br",
        "Cf-Iplatitude": "41.26194",
        "Elastic-Apm-Traceparent": "00-59354a01b069bc34e07ad5a62d0e4407-8119e1bed5adb72f-00",
        "Host": "mechanicstaugustine.com",
        "Content-Length": "690",
        "Tracestate": "es=s:0.0",
        "Cf-Metro-Code": "652",
        "Cf-Visitor": "{\"scheme\":\"https\"}",
        "Cf-Region-Code": "IA",
        "Cf-Timezone": "America\/Chicago",
        "Cdn-Loop": "cloudflare; loops=1",
        "Cf-Ray": "9b3300ee4fe86164-ORD",
        "X-Signalwire-Signature": "be1f6a10560c8f14e625941992cf0fdb1054fb07",
        "Cf-Ipcountry": "US",
        "Cf-Postal-Code": "51502",
        "Traceparent": "00-59354a01b069bc34e07ad5a62d0e4407-8119e1bed5adb72f-00",
        "Cf-Ipcity": "Council Bluffs",
        "X-Forwarded-Host": "mechanicstaugustine.com"
    }
}

{
    "ts": "2025-12-26T07:00:34+00:00",
    "method": "POST",
    "content_type": "application\/json",
    "get": [],
    "post": [],
    "raw_body": "{\"event_type\":\"calling.call.state\",\"event_channel\":\"swml:076b90fc-5c5a-41ed-9202-a524d1c93e38\",\"timestamp\":1766732434.279693,\"project_id\":\"ce4806cb-ccb0-41e9-8bf1-7ea59536adfd\",\"space_id\":\"b1fea176-91e4-44fb-942f-5d52f0ac179d\",\"params\":{\"call_id\":\"675f2fad-092b-4466-9974-d2949e8195a0\",\"node_id\":\"11ce5528-53e6-486a-99c8-7b4ffb43814c@us-west\",\"segment_id\":\"675f2fad-092b-4466-9974-d2949e8195a0\",\"call_state\":\"ended\",\"direction\":\"inbound\",\"device\":{\"type\":\"phone\",\"params\":{\"from_number\":\"+19046156899\",\"to_number\":\"+19047066669\",\"headers\":[]}},\"end_reason\":\"hangup\",\"end_source\":\"outbound\",\"audio_in_mos\":4.5,\"start_time\":1766732364063,\"answer_time\":1766732364868,\"end_time\":1766732434102}}",
    "headers": {
        "Cf-Ipcity": "Council Bluffs",
        "Via": "1.1 Caddy",
        "Cf-Cert-Presented": "false",
        "X-Forwarded-For": "127.0.0.1",
        "Cf-Ipcountry": "US",
        "Cf-Region": "Iowa",
        "Cf-Iplatitude": "41.26194",
        "Cf-Ipcontinent": "NA",
        "Tracestate": "es=s:0.0",
        "Traceparent": "00-44ab0ad73f8f1ce78b3d7b0bb270c102-9e1e4d8ab80730e6-00",
        "Cf-Iplongitude": "-95.86083",
        "Cf-Region-Code": "IA",
        "Cf-Postal-Code": "51502",
        "Accept": "*\/*",
        "Elastic-Apm-Traceparent": "00-44ab0ad73f8f1ce78b3d7b0bb270c102-9e1e4d8ab80730e6-00",
        "X-Signalwire-Signature": "3c641263741ad0f6fa4064aca369e7b8c86e54cb",
        "X-Forwarded-Proto": "http",
        "Content-Length": "690",
        "Accept-Encoding": "gzip, br",
        "Cf-Ray": "9b3eb3b3d84c8f49-ORD",
        "Content-Type": "application\/json",
        "Cf-Cert-Verified": "false",
        "Host": "mechanicstaugustine.com",
        "Cf-Metro-Code": "652",
        "User-Agent": "SignalwireCallback\/1.0",
        "X-Forwarded-Host": "mechanicstaugustine.com",
        "Cdn-Loop": "cloudflare; loops=1",
        "Cf-Timezone": "America\/Chicago",
        "Cf-Cert-Revoked": "false",
        "Cf-Warp-Tag-Id": "00c8f6ff-0893-45db-b341-c1f76541ae69",
        "Cf-Visitor": "{\"scheme\":\"https\"}"
    }
}

{
    "ts": "2025-12-26T15:42:57+00:00",
    "method": "POST",
    "content_type": "application\/json",
    "get": [],
    "post": [],
    "raw_body": "{\"event_type\":\"calling.call.state\",\"event_channel\":\"swml:62a11370-7261-4935-a90c-770894a5f868\",\"timestamp\":1766763776.748467,\"project_id\":\"ce4806cb-ccb0-41e9-8bf1-7ea59536adfd\",\"space_id\":\"b1fea176-91e4-44fb-942f-5d52f0ac179d\",\"params\":{\"call_id\":\"ef84bb30-8fd9-4f26-ade9-c75fb285d78e\",\"node_id\":\"843f078e-4290-4a1e-8f06-3ea2c3ef1aea@us-east\",\"segment_id\":\"ef84bb30-8fd9-4f26-ade9-c75fb285d78e\",\"call_state\":\"ended\",\"direction\":\"inbound\",\"device\":{\"type\":\"phone\",\"params\":{\"from_number\":\"+19046449082\",\"to_number\":\"+19047066669\",\"headers\":[{\"name\":\"Diversion\",\"value\":\"\\u003csip:+19042175152@206.147.72.72:5060\\u003e;privacy=off;screen=no;reason=unknown;counter=1\"}]}},\"end_reason\":\"hangup\",\"end_source\":\"inbound\",\"audio_in_mos\":4.5,\"start_time\":1766763751726,\"answer_time\":1766763752497,\"end_time\":1766763776596}}",
    "headers": {
        "Content-Type": "application\/json",
        "Accept": "*\/*",
        "X-Forwarded-Host": "mechanicstaugustine.com",
        "Cf-Warp-Tag-Id": "00c8f6ff-0893-45db-b341-c1f76541ae69",
        "Cf-Region": "Iowa",
        "Cf-Cert-Verified": "false",
        "Via": "1.1 Caddy",
        "Tracestate": "es=s:0.0",
        "X-Signalwire-Signature": "c2f1ca9dd8a51016bbd00199fc04486e625a45a2",
        "Cf-Cert-Presented": "false",
        "Accept-Encoding": "gzip, br",
        "Content-Length": "814",
        "Cdn-Loop": "cloudflare; loops=1",
        "Cf-Iplatitude": "41.26194",
        "Cf-Iplongitude": "-95.86083",
        "Cf-Metro-Code": "652",
        "Cf-Timezone": "America\/Chicago",
        "X-Forwarded-Proto": "http",
        "Host": "mechanicstaugustine.com",
        "Cf-Ipcontinent": "NA",
        "X-Forwarded-For": "127.0.0.1",
        "Cf-Ray": "9b41b0e6cd965074-ORD",
        "Cf-Cert-Revoked": "false",
        "Cf-Ipcountry": "US",
        "Elastic-Apm-Traceparent": "00-03a7367641bed7532ce0aa0560633253-22c7f4dbf35faf7b-00",
        "User-Agent": "SignalwireCallback\/1.0",
        "Cf-Postal-Code": "51502",
        "Traceparent": "00-03a7367641bed7532ce0aa0560633253-22c7f4dbf35faf7b-00",
        "Cf-Visitor": "{\"scheme\":\"https\"}",
        "Cf-Region-Code": "IA",
        "Cf-Ipcity": "Council Bluffs"
    }
}

