{"ts":"2025-12-30T21:20:10+00:00","event":"incoming_call","from":"+19047066669","to":"+19046156899","call_sid":"977aca37-f262-4e1b-a52f-00638f377f25"}
{"ts":"2025-12-30T21:20:46+00:00","event":"incoming_call","from":"+19047066669","to":"+19046156899","call_sid":"977aca37-f262-4e1b-a52f-00638f377f25"}
{"event":"call_recording","recording_sid":"df429bcb-d978-44d1-9766-692eda2947aa","from":"","ts":"2025-12-30T21:20:46+00:00"}
{"event":"transcribed","recording_sid":"df429bcb-d978-44d1-9766-692eda2947aa","length":151,"ts":"2025-12-30T21:20:52+00:00"}
{"event":"call_recording_processed","recording_sid":"df429bcb-d978-44d1-9766-692eda2947aa","customer_data":{"name":null,"phone":"","address":null,"email":null,"source":"Phone - Voicemail","notes":"Transcript:\nOkay, this is going to be universal. Universal, doesn't need any names in it. So, we're ready to use it for something, and we'll put names, okay? Okay."},"crm_ok":true,"ts":"2025-12-30T21:20:55+00:00"}
{"ts":"2025-12-31T17:04:01+00:00","event":"domain_detected","detected":"mechanicstaugustine.com","to_field":" 19047066669"}
{"ts":"2025-12-31T17:04:01+00:00","event":"incoming_call","from":" 19041234567","to":" 19047066669","call_sid":"TEST123"}
{"ts":"2025-12-31T17:34:09+00:00","event":"domain_detected","detected":"mechanicstaugustine.com","to_field":" 19047066669"}
{"ts":"2025-12-31T17:34:09+00:00","event":"incoming_call","from":" 19041234567","to":" 19047066669","call_sid":"TEST456"}
{"ts":"2025-12-31T17:36:26+00:00","event":"domain_detected","detected":"mechanicstaugustine.com","to_field":" 19047066669"}
{"ts":"2025-12-31T17:36:26+00:00","event":"incoming_call","from":" 19041234567","to":" 19047066669","call_sid":"TEST456"}
{"ts":"2025-12-31T17:37:40+00:00","event":"domain_detected","detected":"mechanicstaugustine.com","to_field":" 19047066669"}
{"ts":"2025-12-31T17:37:40+00:00","event":"incoming_call","from":" 19041234567","to":" 19047066669","call_sid":"TEST789"}
{"ts":"2025-12-31T17:37:41+00:00","event":"domain_detected","detected":"mechanicstaugustine.com","to_field":" 19047066669"}
{"ts":"2025-12-31T17:37:41+00:00","event":"dial_result","domain":"mechanicstaugustine.com","dial_status":"no-answer","call_sid":"TEST789","from":" 19041234567"}
{"ts":"2025-12-31T17:44:07+00:00","event":"domain_detected","detected":"mechanicstaugustine.com","to_field":"+19047066669"}
{"ts":"2025-12-31T17:44:07+00:00","event":"incoming_call","from":"+19046156899","to":"+19047066669","call_sid":"002d144c-3e20-47a4-9049-973394a555da"}
{"ts":"2025-12-31T17:45:07+00:00","event":"domain_detected","detected":"mechanicstaugustine.com","to_field":"+19047066669"}
{"ts":"2025-12-31T17:45:07+00:00","event":"dial_result","domain":"mechanicstaugustine.com","dial_status":"completed","call_sid":"002d144c-3e20-47a4-9049-973394a555da","from":"+19046156899"}
{"ts":"2025-12-31T17:45:08+00:00","event":"domain_detected","detected":"mechanicstaugustine.com","to_field":"none"}
{"event":"call_recording","recording_sid":"760bad4f-140a-4073-9b6c-5c726b4d5470","from":"","ts":"2025-12-31T17:45:08+00:00"}
{"event":"transcribed","recording_sid":"760bad4f-140a-4073-9b6c-5c726b4d5470","length":316,"ts":"2025-12-31T17:45:15+00:00"}
{"event":"estimate_generated","estimate":{"repair_name":"Exhaust Pipe Replacement","description":"Replacing the broken exhaust pipe involves removing the damaged section and installing a new pipe, ensuring proper alignment and securing all connections.","labor_hours":1.5,"labor_cost":150,"parts_low":50,"parts_high":150,"total_low":200,"total_high":300,"complexity":"standard","notes":"Labor charge will be a minimum of $150 due to the minimum charge policy."},"ts":"2025-12-31T17:45:19+00:00"}
{"event":"call_recording_processed","recording_sid":"760bad4f-140a-4073-9b6c-5c726b4d5470","customer_data":{"name":"Steven","phone":"3344455678","address":"42889 Big Buck Way","email":null,"source":"Phone - Voicemail","notes":"Transcript:\nYeah, this is Steven. Hi, Steven. Hi. How are you today? I'm very good, thank you for asking. But my 1999 Mitsubishi Eclipse has a broken exhaust pipe. Oh, that's so sad. Does that happen to collectors? Yes, and my number is 333-444-55678. Exactly that. No other numbers. My address is 42889 Big Buck Way. Thank you.\n\n--- ESTIMATE ---\nRepair: Exhaust Pipe Replacement\nDescription: Replacing the broken exhaust pipe involves removing the damaged section and installing a new pipe, ensuring proper alignment and securing all connections.\nLabor: 1.5 hrs @ $95\/hr = $150\nParts: $50 - $150\nTOTAL: $200 - $300\nNotes: Labor charge will be a minimum of $150 due to the minimum charge policy.\n","year":"1999","make":"Mitsubishi","model":"Eclipse","first_name":"Steven","last_name":""},"crm_ok":true,"ts":"2025-12-31T17:45:20+00:00"}
{"ts":"2025-12-31T17:45:36+00:00","event":"domain_detected","detected":"mechanicstaugustine.com","to_field":"none"}
{"ts":"2025-12-31T17:47:34+00:00","event":"domain_detected","detected":"mechanicstaugustine.com","to_field":"+19047066669"}
{"ts":"2025-12-31T17:47:34+00:00","event":"incoming_call","from":"+19046156899","to":"+19047066669","call_sid":"b994ccb3-a0fd-436c-aacd-102b2e56c5ce"}
{"ts":"2025-12-31T17:48:06+00:00","event":"domain_detected","detected":"mechanicstaugustine.com","to_field":"+19047066669"}
{"ts":"2025-12-31T17:48:06+00:00","event":"dial_result","domain":"mechanicstaugustine.com","dial_status":"no-answer","call_sid":"b994ccb3-a0fd-436c-aacd-102b2e56c5ce","from":"+19046156899"}
{"ts":"2025-12-31T17:49:27+00:00","event":"domain_detected","detected":"mechanicstaugustine.com","to_field":"+19047066669"}
{"ts":"2025-12-31T17:49:27+00:00","event":"dial_result","domain":"mechanicstaugustine.com","dial_status":"","call_sid":"b994ccb3-a0fd-436c-aacd-102b2e56c5ce","from":"+19046156899"}
{"ts":"2025-12-31T17:49:27+00:00","event":"domain_detected","detected":"mechanicstaugustine.com","to_field":"none"}
{"event":"call_recording","recording_sid":"671a88e6-76f9-4248-a123-23729d8d3418","from":"","ts":"2025-12-31T17:49:27+00:00"}
{"event":"transcribed","recording_sid":"671a88e6-76f9-4248-a123-23729d8d3418","length":263,"ts":"2025-12-31T17:49:38+00:00"}
{"event":"call_recording_processed","recording_sid":"671a88e6-76f9-4248-a123-23729d8d3418","customer_data":{"name":null,"phone":"","address":null,"email":null,"source":"Phone - Voicemail","notes":"Transcript:\nsomething which has been poems off... you can't believe me hello will you this is stephens uncle he's been pulling my tailpipe for a week trying to rip it off and I'm getting fed up with it you gotta come and get this tailpipe fixed before I poke his eyeballs out"},"crm_ok":true,"ts":"2025-12-31T17:49:41+00:00"}
{"ts":"2025-12-31T17:49:57+00:00","event":"domain_detected","detected":"mechanicstaugustine.com","to_field":"none"}
{"ts":"2025-12-31T18:17:48+00:00","event":"domain_detected","detected":"mechanicstaugustine.com","to_field":" 19047066669"}
{"ts":"2025-12-31T18:17:48+00:00","event":"incoming_call","from":" 19041234567","to":" 19047066669","call_sid":"TEST"}
{"ts":"2026-01-01T01:11:41+00:00","event":"domain_detected","detected":"mechanicstaugustine.com","to_field":" 19047066669"}
{"ts":"2026-01-01T01:11:41+00:00","event":"incoming_call","from":" 19041234567","to":" 19047066669","call_sid":"CURLTEST123"}
{"ts":"2026-01-02T14:52:10+00:00","event":"incoming_call","from":"","to":"","call_sid":""}
{"ts":"2026-01-02T14:52:20+00:00","event":"domain_detected","detected":"mechanicstaugustine.com","to_field":" 19047066669"}
{"ts":"2026-01-02T14:52:20+00:00","event":"incoming_call","from":" 19041234567","to":" 19047066669","call_sid":"TEST$(date  %s)"}
{"ts":"2026-01-02T14:57:52+00:00","event":"domain_detected","detected":"mechanicstaugustine.com","to_field":" 19047066669"}
{"ts":"2026-01-02T14:57:52+00:00","event":"incoming_call","from":" 19042175152","to":" 19047066669","call_sid":"DEBUGTEST"}
{"ts":"2026-01-02T15:23:58+00:00","event":"domain_detected","detected":"mechanicstaugustine.com","to_field":" 19047066669"}
{"ts":"2026-01-02T15:23:58+00:00","event":"incoming_call","from":" 19041234567","to":" 19047066669","call_sid":"TEST8888"}
{"ts":"2026-01-02T15:24:22+00:00","event":"incoming_call","from":"test","to":"test","call_sid":"SOCAT_TEST"}
{"ts":"2026-01-02T15:26:29+00:00","event":"incoming_call","from":"test","to":"test","call_sid":"PORT8080TEST"}
{"ts":"2026-01-02T15:27:10+00:00","event":"domain_detected","detected":"mechanicstaugustine.com","to_field":"+19047066669"}
{"ts":"2026-01-02T15:27:10+00:00","event":"incoming_call","from":"+19042175152","to":"+19047066669","call_sid":"b3e094c1-efb6-4adc-a303-995fce7f1174"}
{"ts":"2026-01-02T15:27:18+00:00","event":"domain_detected","detected":"mechanicstaugustine.com","to_field":"+19047066669"}
{"ts":"2026-01-02T15:27:18+00:00","event":"incoming_call","from":"+14078134500","to":"+19047066669","call_sid":"6768922c-3620-42e7-b463-6439a184ee57"}
{"ts":"2026-01-02T15:27:39+00:00","event":"domain_detected","detected":"mechanicstaugustine.com","to_field":"+19047066669"}
{"ts":"2026-01-02T15:27:39+00:00","event":"dial_result","domain":"mechanicstaugustine.com","dial_status":"completed","call_sid":"b3e094c1-efb6-4adc-a303-995fce7f1174","from":"+19042175152"}
{"ts":"2026-01-02T15:27:39+00:00","event":"domain_detected","detected":"mechanicstaugustine.com","to_field":"none"}
{"event":"call_recording","recording_sid":"1d30580d-dd13-4bab-88dc-875101f0d538","from":"","ts":"2026-01-02T15:27:39+00:00"}
{"event":"transcribed","recording_sid":"1d30580d-dd13-4bab-88dc-875101f0d538","length":242,"ts":"2026-01-02T15:27:43+00:00"}
{"event":"call_recording_processed","recording_sid":"1d30580d-dd13-4bab-88dc-875101f0d538","customer_data":{"name":null,"phone":"","address":null,"email":null,"source":"Phone - Voicemail","notes":"Transcript:\nI don't know anyone that could be able to do that. Oh, right. And I'm also wearing lighter swabs. How is anyone even able to do that? Yeah, mind your business. If you're scared about my technology, then you should get a job at something else."},"crm_ok":true,"ezlead_ok":false,"distributed_to":0,"ts":"2026-01-02T15:27:46+00:00"}
{"ts":"2026-01-02T15:27:46+00:00","event":"domain_detected","detected":"mechanicstaugustine.com","to_field":"+19047066669"}
{"ts":"2026-01-02T15:27:46+00:00","event":"dial_result","domain":"mechanicstaugustine.com","dial_status":"completed","call_sid":"6768922c-3620-42e7-b463-6439a184ee57","from":"+14078134500"}
{"ts":"2026-01-02T15:27:46+00:00","event":"domain_detected","detected":"mechanicstaugustine.com","to_field":"none"}
{"event":"call_recording","recording_sid":"43269e2a-0211-4b0d-966d-2eaaeb947c15","from":"","ts":"2026-01-02T15:27:46+00:00"}
{"event":"transcribed","recording_sid":"43269e2a-0211-4b0d-966d-2eaaeb947c15","length":6,"ts":"2026-01-02T15:27:48+00:00"}
{"event":"call_recording_processed","recording_sid":"43269e2a-0211-4b0d-966d-2eaaeb947c15","customer_data":{"name":null,"phone":"","address":null,"email":null,"source":"Phone - Voicemail","notes":"Transcript:\nHello?"},"crm_ok":true,"ezlead_ok":false,"distributed_to":0,"ts":"2026-01-02T15:27:51+00:00"}
{"ts":"2026-01-02T15:28:04+00:00","event":"domain_detected","detected":"mechanicstaugustine.com","to_field":"+19047066669"}
{"ts":"2026-01-02T15:28:04+00:00","event":"incoming_call","from":"+14078134500","to":"+19047066669","call_sid":"feae8d74-e912-4bb6-844f-925ece6f28b9"}
{"ts":"2026-01-02T15:28:04+00:00","event":"domain_detected","detected":"mechanicstaugustine.com","to_field":"none"}
{"event":"call_recording","recording_sid":"1d30580d-dd13-4bab-88dc-875101f0d538","from":"","ts":"2026-01-02T15:28:04+00:00"}
{"event":"transcribed","recording_sid":"1d30580d-dd13-4bab-88dc-875101f0d538","length":226,"ts":"2026-01-02T15:28:07+00:00"}
{"event":"call_recording_processed","recording_sid":"1d30580d-dd13-4bab-88dc-875101f0d538","customer_data":{"name":null,"phone":"","address":null,"email":null,"source":"Phone - Voicemail","notes":"Transcript:\nI don't know anyone that could be able to do that. Oh, right. And I'm also wearing lighter swabs. How is anyone even able to do that? Yeah, mind your business. If you're scared about my technology, then you should get it done."},"crm_ok":true,"ezlead_ok":false,"distributed_to":0,"ts":"2026-01-02T15:28:09+00:00"}
{"ts":"2026-01-02T15:28:12+00:00","event":"domain_detected","detected":"mechanicstaugustine.com","to_field":"none"}
{"event":"call_recording","recording_sid":"43269e2a-0211-4b0d-966d-2eaaeb947c15","from":"","ts":"2026-01-02T15:28:12+00:00"}
{"event":"transcribed","recording_sid":"43269e2a-0211-4b0d-966d-2eaaeb947c15","length":10,"ts":"2026-01-02T15:28:15+00:00"}
{"event":"call_recording_processed","recording_sid":"43269e2a-0211-4b0d-966d-2eaaeb947c15","customer_data":{"name":null,"phone":"","address":null,"email":null,"source":"Phone - Voicemail","notes":"Transcript:\nThank you."},"crm_ok":true,"ezlead_ok":false,"distributed_to":0,"ts":"2026-01-02T15:28:17+00:00"}
{"ts":"2026-01-02T15:28:35+00:00","event":"domain_detected","detected":"mechanicstaugustine.com","to_field":"none"}
{"event":"call_recording","recording_sid":"43269e2a-0211-4b0d-966d-2eaaeb947c15","from":"","ts":"2026-01-02T15:28:35+00:00"}
{"event":"transcribed","recording_sid":"43269e2a-0211-4b0d-966d-2eaaeb947c15","length":15,"ts":"2026-01-02T15:28:38+00:00"}
{"event":"call_recording_processed","recording_sid":"43269e2a-0211-4b0d-966d-2eaaeb947c15","customer_data":{"name":null,"phone":"","address":null,"email":null,"source":"Phone - Voicemail","notes":"Transcript:\nHi, Bob! Hello."},"crm_ok":true,"ezlead_ok":false,"distributed_to":0,"ts":"2026-01-02T15:28:40+00:00"}
{"ts":"2026-01-02T15:28:44+00:00","event":"domain_detected","detected":"mechanicstaugustine.com","to_field":"none"}
{"event":"call_recording","recording_sid":"1d30580d-dd13-4bab-88dc-875101f0d538","from":"","ts":"2026-01-02T15:28:44+00:00"}
{"event":"transcribed","recording_sid":"1d30580d-dd13-4bab-88dc-875101f0d538","length":226,"ts":"2026-01-02T15:28:47+00:00"}
{"event":"call_recording_processed","recording_sid":"1d30580d-dd13-4bab-88dc-875101f0d538","customer_data":{"name":null,"phone":"","address":null,"email":null,"source":"Phone - Voicemail","notes":"Transcript:\nI don't know anyone that could be able to do that. Oh, right. And I'm also wearing lighter swabs. How is anyone even able to do that? Yeah, mind your business. If you're scared about my technology, then you should get it done."},"crm_ok":true,"ezlead_ok":false,"distributed_to":0,"ts":"2026-01-02T15:28:50+00:00"}
{"ts":"2026-01-02T15:35:08+00:00","event":"domain_detected","detected":"mechanicstaugustine.com","to_field":" 19047066669"}
{"ts":"2026-01-02T15:35:08+00:00","event":"incoming_call","from":"test","to":" 19047066669","call_sid":"PERMTEST"}
{"ts":"2026-01-02T16:25:25+00:00","event":"domain_detected","detected":"mechanicstaugustine.com","to_field":"+19047066669"}
{"ts":"2026-01-02T16:25:25+00:00","event":"incoming_call","from":"+19043006300","to":"+19047066669","call_sid":"55359ddb-3481-4728-9a71-34e93fea9fe5"}
{"ts":"2026-01-02T16:26:05+00:00","event":"domain_detected","detected":"mechanicstaugustine.com","to_field":"+19047066669"}
{"ts":"2026-01-02T16:26:05+00:00","event":"dial_result","domain":"mechanicstaugustine.com","dial_status":"completed","call_sid":"55359ddb-3481-4728-9a71-34e93fea9fe5","from":"+19043006300"}
{"ts":"2026-01-02T16:26:05+00:00","event":"domain_detected","detected":"mechanicstaugustine.com","to_field":"none"}
{"event":"call_recording","recording_sid":"394f9caa-f725-4c14-a06c-6af43a3abc5a","from":"","ts":"2026-01-02T16:26:05+00:00"}
{"event":"transcribed","recording_sid":"394f9caa-f725-4c14-a06c-6af43a3abc5a","length":281,"ts":"2026-01-02T16:26:12+00:00"}
{"event":"estimate_generated","estimate":{"repair_name":"Front Left Wheel Bearing Replacement","description":"This repair involves removing the wheel, brake components, and hub assembly to replace the front left wheel bearing or hub assembly as needed.","labor_hours":1.5,"labor_cost":150,"parts_low":50,"parts_high":150,"total_low":200,"total_high":300,"complexity":"standard","notes":"Labor cost will be calculated based on a minimum charge of $150."},"ts":"2026-01-02T16:26:17+00:00"}
{"event":"call_recording_processed","recording_sid":"394f9caa-f725-4c14-a06c-6af43a3abc5a","customer_data":{"name":"Ryan","phone":"","address":null,"email":null,"source":"Phone - Voicemail","notes":"Transcript:\nPlease leave your message for Bob O'Reilly. Hey, good morning. My name is Ryan. I have a 2018 F-250 that I need to replace the front left wheel bearing or the hub assembly, rather. I was wondering your labor rate, your availability, and if that's a job you'd care to do. Thank you.\n\n--- ESTIMATE ---\nRepair: Front Left Wheel Bearing Replacement\nDescription: This repair involves removing the wheel, brake components, and hub assembly to replace the front left wheel bearing or hub assembly as needed.\nLabor: 1.5 hrs @ $95\/hr = $150\nParts: $50 - $150\nTOTAL: $200 - $300\nNotes: Labor cost will be calculated based on a minimum charge of $150.\n","year":"2018","make":"Ford","model":"F-250","first_name":"Ryan","last_name":""},"crm_ok":true,"ezlead_ok":false,"distributed_to":0,"ts":"2026-01-02T16:26:18+00:00"}
{"ts":"2026-01-02T16:26:37+00:00","event":"domain_detected","detected":"mechanicstaugustine.com","to_field":"none"}
{"event":"call_recording","recording_sid":"394f9caa-f725-4c14-a06c-6af43a3abc5a","from":"","ts":"2026-01-02T16:26:37+00:00"}
{"event":"transcribed","recording_sid":"394f9caa-f725-4c14-a06c-6af43a3abc5a","length":281,"ts":"2026-01-02T16:26:40+00:00"}
{"event":"estimate_generated","estimate":{"repair_name":"Front Left Wheel Bearing Replacement","description":"This repair involves removing the front left wheel, disassembling the hub assembly, replacing the wheel bearing, and reassembling the components.","labor_hours":1.5,"labor_cost":150,"parts_low":50,"parts_high":150,"total_low":200,"total_high":300,"complexity":"standard","notes":"Labor cost will be $142.50 based on 1.5 hours at $95\/hour, which exceeds the minimum charge of $150."},"ts":"2026-01-02T16:26:45+00:00"}
{"event":"call_recording_processed","recording_sid":"394f9caa-f725-4c14-a06c-6af43a3abc5a","customer_data":{"name":"Ryan","phone":"","address":null,"email":null,"source":"Phone - Voicemail","notes":"Transcript:\nPlease leave your message for Bob O'Reilly. Hey, good morning. My name is Ryan. I have a 2018 F-250 that I need to replace the front left wheel bearing or the hub assembly, rather. I was wondering your labor rate, your availability, and if that's a job you'd care to do. Thank you.\n\n--- ESTIMATE ---\nRepair: Front Left Wheel Bearing Replacement\nDescription: This repair involves removing the front left wheel, disassembling the hub assembly, replacing the wheel bearing, and reassembling the components.\nLabor: 1.5 hrs @ $95\/hr = $150\nParts: $50 - $150\nTOTAL: $200 - $300\nNotes: Labor cost will be $142.50 based on 1.5 hours at $95\/hour, which exceeds the minimum charge of $150.\n","year":"2018","make":"Ford","model":"F-250","first_name":"Ryan","last_name":""},"crm_ok":true,"ezlead_ok":false,"distributed_to":0,"ts":"2026-01-02T16:26:46+00:00"}
{"ts":"2026-01-02T16:27:13+00:00","event":"domain_detected","detected":"mechanicstaugustine.com","to_field":"none"}
{"event":"call_recording","recording_sid":"394f9caa-f725-4c14-a06c-6af43a3abc5a","from":"","ts":"2026-01-02T16:27:13+00:00"}
{"event":"transcribed","recording_sid":"394f9caa-f725-4c14-a06c-6af43a3abc5a","length":281,"ts":"2026-01-02T16:27:16+00:00"}
{"event":"estimate_generated","estimate":{"repair_name":"Front Left Wheel Bearing Replacement","description":"This repair involves removing the front left wheel, hub assembly, and replacing the wheel bearing or hub assembly as needed.","labor_hours":1.5,"labor_cost":150,"parts_low":50,"parts_high":150,"total_low":200,"total_high":300,"complexity":"standard","notes":"Labor cost is calculated at $95\/hour, with a minimum charge of $150."},"ts":"2026-01-02T16:27:20+00:00"}
{"event":"call_recording_processed","recording_sid":"394f9caa-f725-4c14-a06c-6af43a3abc5a","customer_data":{"name":"Ryan","phone":"","address":null,"email":null,"source":"Phone - Voicemail","notes":"Transcript:\nPlease leave your message for Bob O'Reilly. Hey, good morning. My name is Ryan. I have a 2018 F-250 that I need to replace the front left wheel bearing or the hub assembly, rather. I was wondering your labor rate, your availability, and if that's a job you'd care to do. Thank you.\n\n--- ESTIMATE ---\nRepair: Front Left Wheel Bearing Replacement\nDescription: This repair involves removing the front left wheel, hub assembly, and replacing the wheel bearing or hub assembly as needed.\nLabor: 1.5 hrs @ $95\/hr = $150\nParts: $50 - $150\nTOTAL: $200 - $300\nNotes: Labor cost is calculated at $95\/hour, with a minimum charge of $150.\n","year":"2018","make":"Ford","model":"F-250","first_name":"Ryan","last_name":""},"crm_ok":true,"ezlead_ok":false,"distributed_to":0,"ts":"2026-01-02T16:27:21+00:00"}
{"ts":"2026-01-02T18:15:35+00:00","event":"domain_detected","detected":"mechanicstaugustine.com","to_field":"+19047066669"}
{"ts":"2026-01-02T18:15:35+00:00","event":"incoming_call","from":"+17706306722","to":"+19047066669","call_sid":"cb0a6293-02fa-45ed-af47-e3b47ef99cae"}
{"ts":"2026-01-02T18:38:16+00:00","event":"domain_detected","detected":"sodjacksonvillefl.com","to_field":" 19049258873"}
{"ts":"2026-01-02T18:38:16+00:00","event":"incoming_call","from":" 19041234567","to":" 19049258873","call_sid":"SODTEST$(date  %s)"}
{"ts":"2026-01-02T18:40:13+00:00","event":"domain_detected","detected":"sodjacksonvillefl.com","to_field":"+19049258873"}
{"ts":"2026-01-02T18:40:13+00:00","event":"incoming_call","from":"+19042175152","to":"+19049258873","call_sid":"357de2b2-9e87-4136-b51d-6c1326b5bfa8"}
{"ts":"2026-01-02T18:42:00+00:00","event":"domain_detected","detected":"sodjacksonvillefl.com","to_field":"+19049258873"}
{"ts":"2026-01-02T18:42:00+00:00","event":"incoming_call","from":"+19042175152","to":"+19049258873","call_sid":"379931ea-95ba-4cf9-90c1-57adc70feefe"}
{"ts":"2026-01-02T18:43:08+00:00","event":"domain_detected","detected":"sodjacksonvillefl.com","to_field":"+19049258873"}
{"ts":"2026-01-02T18:43:08+00:00","event":"incoming_call","from":"+19042175152","to":"+19049258873","call_sid":"55e33d26-934d-4e5c-9a1d-96ad0116ef76"}
{"ts":"2026-01-02T18:43:41+00:00","event":"domain_detected","detected":"sodjacksonvillefl.com","to_field":"+19049258873"}
{"ts":"2026-01-02T18:43:41+00:00","event":"incoming_call","from":"+19042175152","to":"+19049258873","call_sid":"3437b7d5-e92c-431d-8f34-66d131a41814"}
{"ts":"2026-01-02T18:47:44+00:00","event":"domain_detected","detected":"sodjacksonvillefl.com","to_field":"+19049258873"}
{"ts":"2026-01-02T18:47:44+00:00","event":"incoming_call","from":"+19042175152","to":"+19049258873","call_sid":"2fb6a49d-9edb-426d-914a-8079167df74d"}
{"ts":"2026-01-02T20:08:16+00:00","event":"domain_detected","detected":"mechanicstaugustine.com","to_field":"+19047066669"}
{"ts":"2026-01-02T20:08:16+00:00","event":"incoming_call","from":"+17706306722","to":"+19047066669","call_sid":"a34693aa-5947-45da-a664-14bfcb545638"}
{"ts":"2026-01-02T20:23:45+00:00","event":"domain_detected","detected":"mechanicstaugustine.com","to_field":"+19047066669"}
{"ts":"2026-01-02T20:23:45+00:00","event":"incoming_call","from":"+13057719930","to":"+19047066669","call_sid":"e1656ae4-33c9-442b-a94f-33c4e309f10a"}
{"ts":"2026-01-02T20:24:02+00:00","event":"domain_detected","detected":"mechanicstaugustine.com","to_field":"+19047066669"}
{"ts":"2026-01-02T20:24:02+00:00","event":"dial_result","domain":"mechanicstaugustine.com","dial_status":"completed","call_sid":"e1656ae4-33c9-442b-a94f-33c4e309f10a","from":"+13057719930"}
{"ts":"2026-01-02T20:24:02+00:00","event":"domain_detected","detected":"mechanicstaugustine.com","to_field":"none"}
{"event":"call_recording","recording_sid":"f29f1b8a-f34d-4c7c-8d3e-2f134962eb8d","from":"","ts":"2026-01-02T20:24:02+00:00"}
{"event":"transcribed","recording_sid":"f29f1b8a-f34d-4c7c-8d3e-2f134962eb8d","length":45,"ts":"2026-01-02T20:24:05+00:00"}
{"event":"call_recording_processed","recording_sid":"f29f1b8a-f34d-4c7c-8d3e-2f134962eb8d","customer_data":{"name":"Bubba O'Reilly","phone":"","address":null,"email":null,"source":"Phone - Voicemail","notes":"Transcript:\nPlease leave your message for Bubba O'Reilly.","first_name":"Bubba","last_name":"O'Reilly"},"crm_ok":true,"ezlead_ok":false,"distributed_to":0,"ts":"2026-01-02T20:24:08+00:00"}
{"ts":"2026-01-02T20:24:26+00:00","event":"domain_detected","detected":"mechanicstaugustine.com","to_field":"none"}
{"event":"call_recording","recording_sid":"f29f1b8a-f34d-4c7c-8d3e-2f134962eb8d","from":"","ts":"2026-01-02T20:24:26+00:00"}
{"event":"transcribed","recording_sid":"f29f1b8a-f34d-4c7c-8d3e-2f134962eb8d","length":45,"ts":"2026-01-02T20:24:28+00:00"}
{"event":"call_recording_processed","recording_sid":"f29f1b8a-f34d-4c7c-8d3e-2f134962eb8d","customer_data":{"name":"Bubba O'Reilly","phone":"","address":null,"email":null,"source":"Phone - Voicemail","notes":"Transcript:\nPlease leave your message for Bubba O'Reilly.","first_name":"Bubba","last_name":"O'Reilly"},"crm_ok":true,"ezlead_ok":false,"distributed_to":0,"ts":"2026-01-02T20:24:31+00:00"}
{"ts":"2026-01-02T20:25:01+00:00","event":"domain_detected","detected":"mechanicstaugustine.com","to_field":"+19047066669"}
{"ts":"2026-01-02T20:25:01+00:00","event":"incoming_call","from":"+17869491368","to":"+19047066669","call_sid":"2056d507-785c-482b-9dc8-4954b67f0947"}
{"ts":"2026-01-02T20:25:04+00:00","event":"domain_detected","detected":"mechanicstaugustine.com","to_field":"none"}
{"event":"call_recording","recording_sid":"f29f1b8a-f34d-4c7c-8d3e-2f134962eb8d","from":"","ts":"2026-01-02T20:25:04+00:00"}
{"event":"transcribed","recording_sid":"f29f1b8a-f34d-4c7c-8d3e-2f134962eb8d","length":45,"ts":"2026-01-02T20:25:07+00:00"}
{"event":"call_recording_processed","recording_sid":"f29f1b8a-f34d-4c7c-8d3e-2f134962eb8d","customer_data":{"name":"Bubba O'Reilly","phone":"","address":null,"email":null,"source":"Phone - Voicemail","notes":"Transcript:\nPlease leave your message for Bubba O'Reilly.","first_name":"Bubba","last_name":"O'Reilly"},"crm_ok":true,"ezlead_ok":false,"distributed_to":0,"ts":"2026-01-02T20:25:09+00:00"}
{"ts":"2026-01-02T20:25:21+00:00","event":"domain_detected","detected":"mechanicstaugustine.com","to_field":"+19047066669"}
{"ts":"2026-01-02T20:25:21+00:00","event":"dial_result","domain":"mechanicstaugustine.com","dial_status":"completed","call_sid":"2056d507-785c-482b-9dc8-4954b67f0947","from":"+17869491368"}
{"ts":"2026-01-02T20:25:21+00:00","event":"domain_detected","detected":"mechanicstaugustine.com","to_field":"none"}
{"event":"call_recording","recording_sid":"34236617-0a0e-494b-b573-68d24e6b35da","from":"","ts":"2026-01-02T20:25:21+00:00"}
{"event":"transcribed","recording_sid":"34236617-0a0e-494b-b573-68d24e6b35da","length":46,"ts":"2026-01-02T20:25:27+00:00"}
{"event":"call_recording_processed","recording_sid":"34236617-0a0e-494b-b573-68d24e6b35da","customer_data":{"name":null,"phone":"","address":null,"email":null,"source":"Phone - Voicemail","notes":"Transcript:\nPlease leave your message for B-O-O-O-R-I-L-E."},"crm_ok":true,"ezlead_ok":false,"distributed_to":0,"ts":"2026-01-02T20:25:29+00:00"}
{"ts":"2026-01-02T20:25:47+00:00","event":"domain_detected","detected":"mechanicstaugustine.com","to_field":"none"}
{"event":"call_recording","recording_sid":"34236617-0a0e-494b-b573-68d24e6b35da","from":"","ts":"2026-01-02T20:25:47+00:00"}
{"event":"transcribed","recording_sid":"34236617-0a0e-494b-b573-68d24e6b35da","length":46,"ts":"2026-01-02T20:25:49+00:00"}
{"event":"call_recording_processed","recording_sid":"34236617-0a0e-494b-b573-68d24e6b35da","customer_data":{"name":null,"phone":"","address":null,"email":null,"source":"Phone - Voicemail","notes":"Transcript:\nPlease leave your message for B-O-O-O-R-I-L-E."},"crm_ok":true,"ezlead_ok":false,"distributed_to":0,"ts":"2026-01-02T20:25:51+00:00"}
{"ts":"2026-01-02T20:26:12+00:00","event":"domain_detected","detected":"mechanicstaugustine.com","to_field":"none"}
{"event":"call_recording","recording_sid":"34236617-0a0e-494b-b573-68d24e6b35da","from":"","ts":"2026-01-02T20:26:12+00:00"}
{"event":"transcribed","recording_sid":"34236617-0a0e-494b-b573-68d24e6b35da","length":46,"ts":"2026-01-02T20:26:14+00:00"}
{"event":"call_recording_processed","recording_sid":"34236617-0a0e-494b-b573-68d24e6b35da","customer_data":{"name":null,"phone":"","address":null,"email":null,"source":"Phone - Voicemail","notes":"Transcript:\nPlease leave your message for B-O-O-O-R-I-L-E."},"crm_ok":true,"ezlead_ok":false,"distributed_to":0,"ts":"2026-01-02T20:26:16+00:00"}
{"ts":"2026-01-02T22:07:10+00:00","event":"domain_detected","detected":"mechanicstaugustine.com","to_field":"+19047066669"}
{"ts":"2026-01-02T22:07:10+00:00","event":"incoming_call","from":"+19046778762","to":"+19047066669","call_sid":"4b707d42-541e-4c3f-babf-78ae9b83f124"}
{"ts":"2026-01-02T22:07:17+00:00","event":"domain_detected","detected":"mechanicstaugustine.com","to_field":"+19047066669"}
{"ts":"2026-01-02T22:07:17+00:00","event":"dial_result","domain":"mechanicstaugustine.com","dial_status":"no-answer","call_sid":"4b707d42-541e-4c3f-babf-78ae9b83f124","from":"+19046778762"}
{"ts":"2026-01-02T23:23:28+00:00","event":"domain_detected","detected":"mechanicstaugustine.com","to_field":"+19047066669"}
{"ts":"2026-01-02T23:23:28+00:00","event":"incoming_call","from":"+14078134500","to":"+19047066669","call_sid":"c804cf78-0f08-4ada-93db-dbfaf36e6c43"}
{"ts":"2026-01-02T23:23:54+00:00","event":"domain_detected","detected":"mechanicstaugustine.com","to_field":"+19047066669"}
{"ts":"2026-01-02T23:23:54+00:00","event":"dial_result","domain":"mechanicstaugustine.com","dial_status":"completed","call_sid":"c804cf78-0f08-4ada-93db-dbfaf36e6c43","from":"+14078134500"}
{"ts":"2026-01-02T23:23:54+00:00","event":"domain_detected","detected":"mechanicstaugustine.com","to_field":"none"}
{"event":"call_recording","recording_sid":"32d3a25b-feb4-4da5-8cd2-3b5af105fd05","from":"","ts":"2026-01-02T23:23:54+00:00"}
{"event":"transcribed","recording_sid":"32d3a25b-feb4-4da5-8cd2-3b5af105fd05","length":149,"ts":"2026-01-02T23:23:57+00:00"}
{"event":"call_recording_processed","recording_sid":"32d3a25b-feb4-4da5-8cd2-3b5af105fd05","customer_data":{"name":null,"phone":"","address":null,"email":null,"source":"Phone - Voicemail","notes":"Transcript:\nto take this call please leave your message for nothing has been recorded record your message after the tone simply hang up when done or for delivery"},"crm_ok":true,"ezlead_ok":false,"distributed_to":0,"ts":"2026-01-02T23:24:00+00:00"}
{"ts":"2026-01-02T23:24:20+00:00","event":"domain_detected","detected":"mechanicstaugustine.com","to_field":"none"}
{"event":"call_recording","recording_sid":"32d3a25b-feb4-4da5-8cd2-3b5af105fd05","from":"","ts":"2026-01-02T23:24:20+00:00"}
{"event":"transcribed","recording_sid":"32d3a25b-feb4-4da5-8cd2-3b5af105fd05","length":149,"ts":"2026-01-02T23:24:23+00:00"}
{"event":"call_recording_processed","recording_sid":"32d3a25b-feb4-4da5-8cd2-3b5af105fd05","customer_data":{"name":null,"phone":"","address":null,"email":null,"source":"Phone - Voicemail","notes":"Transcript:\nto take this call please leave your message for nothing has been recorded record your message after the tone simply hang up when done or for delivery"},"crm_ok":true,"ezlead_ok":false,"distributed_to":0,"ts":"2026-01-02T23:24:26+00:00"}
{"ts":"2026-01-02T23:24:44+00:00","event":"domain_detected","detected":"mechanicstaugustine.com","to_field":"none"}
{"event":"call_recording","recording_sid":"32d3a25b-feb4-4da5-8cd2-3b5af105fd05","from":"","ts":"2026-01-02T23:24:44+00:00"}
{"event":"transcribed","recording_sid":"32d3a25b-feb4-4da5-8cd2-3b5af105fd05","length":149,"ts":"2026-01-02T23:24:46+00:00"}
{"event":"call_recording_processed","recording_sid":"32d3a25b-feb4-4da5-8cd2-3b5af105fd05","customer_data":{"name":null,"phone":"","address":null,"email":null,"source":"Phone - Voicemail","notes":"Transcript:\nto take this call please leave your message for nothing has been recorded record your message after the tone simply hang up when done or for delivery"},"crm_ok":true,"ezlead_ok":false,"distributed_to":0,"ts":"2026-01-02T23:24:49+00:00"}
{"ts":"2026-01-03T00:25:38+00:00","event":"domain_detected","detected":"mechanicstaugustine.com","to_field":"+19047066669"}
{"ts":"2026-01-03T00:25:38+00:00","event":"incoming_call","from":"+14078134500","to":"+19047066669","call_sid":"567dc1db-8569-4e45-9c5a-d94e8181fada"}
{"ts":"2026-01-03T15:28:11+00:00","event":"domain_detected","detected":"mechanicstaugustine.com","to_field":"+19047066669"}
{"ts":"2026-01-03T15:28:11+00:00","event":"incoming_call","from":"+19049098664","to":"+19047066669","call_sid":"bad355f6-8489-4d32-8d65-c05e3e360aad"}
{"ts":"2026-01-03T15:28:26+00:00","event":"domain_detected","detected":"mechanicstaugustine.com","to_field":"+19047066669"}
{"ts":"2026-01-03T15:28:26+00:00","event":"dial_result","domain":"mechanicstaugustine.com","dial_status":"completed","call_sid":"bad355f6-8489-4d32-8d65-c05e3e360aad","from":"+19049098664"}
{"ts":"2026-01-03T15:28:27+00:00","event":"domain_detected","detected":"mechanicstaugustine.com","to_field":"none"}
{"event":"call_recording","recording_sid":"74adca7f-5ff2-4f06-b380-bd0ef6170e73","from":"","ts":"2026-01-03T15:28:27+00:00"}
{"event":"transcribed","recording_sid":"74adca7f-5ff2-4f06-b380-bd0ef6170e73","length":32,"ts":"2026-01-03T15:28:33+00:00"}
{"event":"call_recording_processed","recording_sid":"74adca7f-5ff2-4f06-b380-bd0ef6170e73","customer_data":{"name":null,"phone":"","address":null,"email":null,"source":"Phone - Voicemail","notes":"Transcript:\nPlease leave your message for..."},"crm_ok":true,"ezlead_ok":false,"distributed_to":0,"ts":"2026-01-03T15:28:36+00:00"}
{"ts":"2026-01-03T15:29:01+00:00","event":"domain_detected","detected":"mechanicstaugustine.com","to_field":"none"}
{"event":"call_recording","recording_sid":"74adca7f-5ff2-4f06-b380-bd0ef6170e73","from":"","ts":"2026-01-03T15:29:01+00:00"}
{"event":"transcribed","recording_sid":"74adca7f-5ff2-4f06-b380-bd0ef6170e73","length":32,"ts":"2026-01-03T15:29:03+00:00"}
{"event":"call_recording_processed","recording_sid":"74adca7f-5ff2-4f06-b380-bd0ef6170e73","customer_data":{"name":null,"phone":"","address":null,"email":null,"source":"Phone - Voicemail","notes":"Transcript:\nPlease leave your message for..."},"crm_ok":true,"ezlead_ok":false,"distributed_to":0,"ts":"2026-01-03T15:29:05+00:00"}
{"ts":"2026-01-03T21:34:53+00:00","event":"outgoing_call_initiated","to":"+19042175152","from":"+19047066669","notes":"Test call","provider":"signalwire"}
{"ts":"2026-01-03T21:34:54+00:00","event":"outgoing_call_response","http_code":201,"result":{"sid":"7fecc8a9-2a58-4c03-aad6-a59886a6a8e3","date_created":"Sat, 03 Jan 2026 21:34:54 +0000","date_updated":"Sat, 03 Jan 2026 21:34:54 +0000","parent_call_sid":null,"account_sid":"ce4806cb-ccb0-41e9-8bf1-7ea59536adfd","to":"+19042175152","formatted_to":"904-217-5152","to_formatted":"904-217-5152","from":"+19047066669","formatted_from":"904-706-6669","from_formatted":"904-706-6669","phone_number_sid":"4dce6b0e-19df-4ec6-80b5-3b2183d45429","status":"queued","start_time":null,"end_time":null,"duration":0,"price":null,"price_unit":"USD","direction":"outbound-api","answered_by":null,"api_version":"2010-04-01","forwarded_from":null,"caller_name":null,"uri":"\/api\/laml\/2010-04-01\/Accounts\/ce4806cb-ccb0-41e9-8bf1-7ea59536adfd\/Calls\/7fecc8a9-2a58-4c03-aad6-a59886a6a8e3","subresource_uris":{"notifications":null,"recordings":"\/api\/laml\/2010-04-01\/Accounts\/ce4806cb-ccb0-41e9-8bf1-7ea59536adfd\/Calls\/7fecc8a9-2a58-4c03-aad6-a59886a6a8e3\/Recordings"},"annotation":null,"group_sid":null,"audio_in_mos":null,"sip_result_code":null}}
{"ts":"2026-01-03T21:51:24+00:00","event":"outgoing_call_connect","to":"+19042175152","from":"+19047066669","call_sid":""}
{"ts":"2026-01-03T21:51:31+00:00","event":"outgoing_call_initiated","to":"+19042175152","from":"+19047066669","notes":"Test call 2","provider":"signalwire"}
{"ts":"2026-01-03T21:51:31+00:00","event":"outgoing_call_response","http_code":201,"result":{"sid":"16c4d4da-669a-4730-8145-cf52d257e8a5","date_created":"Sat, 03 Jan 2026 21:51:31 +0000","date_updated":"Sat, 03 Jan 2026 21:51:31 +0000","parent_call_sid":null,"account_sid":"ce4806cb-ccb0-41e9-8bf1-7ea59536adfd","to":"+19042175152","formatted_to":"904-217-5152","to_formatted":"904-217-5152","from":"+19047066669","formatted_from":"904-706-6669","from_formatted":"904-706-6669","phone_number_sid":"4dce6b0e-19df-4ec6-80b5-3b2183d45429","status":"queued","start_time":null,"end_time":null,"duration":0,"price":null,"price_unit":"USD","direction":"outbound-api","answered_by":null,"api_version":"2010-04-01","forwarded_from":null,"caller_name":null,"uri":"\/api\/laml\/2010-04-01\/Accounts\/ce4806cb-ccb0-41e9-8bf1-7ea59536adfd\/Calls\/16c4d4da-669a-4730-8145-cf52d257e8a5","subresource_uris":{"notifications":null,"recordings":"\/api\/laml\/2010-04-01\/Accounts\/ce4806cb-ccb0-41e9-8bf1-7ea59536adfd\/Calls\/16c4d4da-669a-4730-8145-cf52d257e8a5\/Recordings"},"annotation":null,"group_sid":null,"audio_in_mos":null,"sip_result_code":null}}
{"ts":"2026-01-03T21:52:04+00:00","event":"outgoing_call_connect","to":"+19042175152","from":"+19047066669","call_sid":"16c4d4da-669a-4730-8145-cf52d257e8a5"}
{"event":"outgoing_recording","call_sid":"16c4d4da-669a-4730-8145-cf52d257e8a5","recording_sid":"a49e45f0-192f-4843-be3e-ef104b49b1b2","url":"https:\/\/mobilemechanic.signalwire.com\/api\/laml\/2010-04-01\/Accounts\/ce4806cb-ccb0-41e9-8bf1-7ea59536adfd\/Calls\/16c4d4da-669a-4730-8145-cf52d257e8a5\/Recordings\/a49e45f0-192f-4843-be3e-ef104b49b1b2","ts":"2026-01-03T21:53:01+00:00"}
{"event":"outgoing_call_updated","call_sid":"16c4d4da-669a-4730-8145-cf52d257e8a5","changes":1,"ts":"2026-01-03T21:53:02+00:00"}
{"event":"outgoing_recording","call_sid":"16c4d4da-669a-4730-8145-cf52d257e8a5","recording_sid":"a913927f-de41-4a30-b0fe-94897d12d6de","url":"https:\/\/mobilemechanic.signalwire.com\/api\/laml\/2010-04-01\/Accounts\/ce4806cb-ccb0-41e9-8bf1-7ea59536adfd\/Calls\/16c4d4da-669a-4730-8145-cf52d257e8a5\/Recordings\/a913927f-de41-4a30-b0fe-94897d12d6de","ts":"2026-01-03T21:53:02+00:00"}
{"event":"outgoing_call_updated","call_sid":"16c4d4da-669a-4730-8145-cf52d257e8a5","changes":1,"ts":"2026-01-03T21:53:03+00:00"}
{"ts":"2026-01-03T21:53:28+00:00","event":"outgoing_call_initiated","to":"+19042175152","from":"+19047066669","notes":"","provider":"signalwire"}
{"ts":"2026-01-03T21:53:28+00:00","event":"outgoing_call_response","http_code":201,"result":{"sid":"2fabdbca-a5ff-43a6-96a1-565679c9240d","date_created":"Sat, 03 Jan 2026 21:53:28 +0000","date_updated":"Sat, 03 Jan 2026 21:53:28 +0000","parent_call_sid":null,"account_sid":"ce4806cb-ccb0-41e9-8bf1-7ea59536adfd","to":"+19042175152","formatted_to":"904-217-5152","to_formatted":"904-217-5152","from":"+19047066669","formatted_from":"904-706-6669","from_formatted":"904-706-6669","phone_number_sid":"4dce6b0e-19df-4ec6-80b5-3b2183d45429","status":"queued","start_time":null,"end_time":null,"duration":0,"price":null,"price_unit":"USD","direction":"outbound-api","answered_by":null,"api_version":"2010-04-01","forwarded_from":null,"caller_name":null,"uri":"\/api\/laml\/2010-04-01\/Accounts\/ce4806cb-ccb0-41e9-8bf1-7ea59536adfd\/Calls\/2fabdbca-a5ff-43a6-96a1-565679c9240d","subresource_uris":{"notifications":null,"recordings":"\/api\/laml\/2010-04-01\/Accounts\/ce4806cb-ccb0-41e9-8bf1-7ea59536adfd\/Calls\/2fabdbca-a5ff-43a6-96a1-565679c9240d\/Recordings"},"annotation":null,"group_sid":null,"audio_in_mos":null,"sip_result_code":null}}
{"ts":"2026-01-03T21:53:38+00:00","event":"outgoing_call_initiated","to":"+19042175152","from":"+19047066669","notes":"","provider":"signalwire"}
{"ts":"2026-01-03T21:53:38+00:00","event":"outgoing_call_response","http_code":201,"result":{"sid":"e427ec66-2ae9-4f0e-ac77-6e12497f7ac5","date_created":"Sat, 03 Jan 2026 21:53:38 +0000","date_updated":"Sat, 03 Jan 2026 21:53:38 +0000","parent_call_sid":null,"account_sid":"ce4806cb-ccb0-41e9-8bf1-7ea59536adfd","to":"+19042175152","formatted_to":"904-217-5152","to_formatted":"904-217-5152","from":"+19047066669","formatted_from":"904-706-6669","from_formatted":"904-706-6669","phone_number_sid":"4dce6b0e-19df-4ec6-80b5-3b2183d45429","status":"queued","start_time":null,"end_time":null,"duration":0,"price":null,"price_unit":"USD","direction":"outbound-api","answered_by":null,"api_version":"2010-04-01","forwarded_from":null,"caller_name":null,"uri":"\/api\/laml\/2010-04-01\/Accounts\/ce4806cb-ccb0-41e9-8bf1-7ea59536adfd\/Calls\/e427ec66-2ae9-4f0e-ac77-6e12497f7ac5","subresource_uris":{"notifications":null,"recordings":"\/api\/laml\/2010-04-01\/Accounts\/ce4806cb-ccb0-41e9-8bf1-7ea59536adfd\/Calls\/e427ec66-2ae9-4f0e-ac77-6e12497f7ac5\/Recordings"},"annotation":null,"group_sid":null,"audio_in_mos":null,"sip_result_code":null}}
{"ts":"2026-01-03T21:53:52+00:00","event":"outgoing_call_connect","to":"+19042175152","from":"+19047066669","call_sid":"2fabdbca-a5ff-43a6-96a1-565679c9240d"}
{"ts":"2026-01-03T21:54:12+00:00","event":"outgoing_call_connect","to":"+19042175152","from":"+19047066669","call_sid":"e427ec66-2ae9-4f0e-ac77-6e12497f7ac5"}
{"event":"outgoing_recording","call_sid":"2fabdbca-a5ff-43a6-96a1-565679c9240d","recording_sid":"8a89e406-8736-48fd-9b16-e23d9c62dc5a","url":"https:\/\/mobilemechanic.signalwire.com\/api\/laml\/2010-04-01\/Accounts\/ce4806cb-ccb0-41e9-8bf1-7ea59536adfd\/Calls\/2fabdbca-a5ff-43a6-96a1-565679c9240d\/Recordings\/8a89e406-8736-48fd-9b16-e23d9c62dc5a","ts":"2026-01-03T21:54:13+00:00"}
{"event":"outgoing_recording","call_sid":"2fabdbca-a5ff-43a6-96a1-565679c9240d","recording_sid":"86428f91-93a0-4d12-b2cf-9854e85da5df","url":"https:\/\/mobilemechanic.signalwire.com\/api\/laml\/2010-04-01\/Accounts\/ce4806cb-ccb0-41e9-8bf1-7ea59536adfd\/Calls\/2fabdbca-a5ff-43a6-96a1-565679c9240d\/Recordings\/86428f91-93a0-4d12-b2cf-9854e85da5df","ts":"2026-01-03T21:54:13+00:00"}
{"event":"outgoing_call_updated","call_sid":"2fabdbca-a5ff-43a6-96a1-565679c9240d","changes":1,"ts":"2026-01-03T21:54:13+00:00"}
{"ts":"2026-01-03T21:54:27+00:00","event":"outgoing_call_initiated","to":"+19042175152","from":"+19047066669","notes":"","provider":"signalwire"}
{"ts":"2026-01-03T21:54:27+00:00","event":"outgoing_call_response","http_code":201,"result":{"sid":"466e423a-8ce6-46b8-bc5a-c2789e6a7a28","date_created":"Sat, 03 Jan 2026 21:54:27 +0000","date_updated":"Sat, 03 Jan 2026 21:54:27 +0000","parent_call_sid":null,"account_sid":"ce4806cb-ccb0-41e9-8bf1-7ea59536adfd","to":"+19042175152","formatted_to":"904-217-5152","to_formatted":"904-217-5152","from":"+19047066669","formatted_from":"904-706-6669","from_formatted":"904-706-6669","phone_number_sid":"4dce6b0e-19df-4ec6-80b5-3b2183d45429","status":"queued","start_time":null,"end_time":null,"duration":0,"price":null,"price_unit":"USD","direction":"outbound-api","answered_by":null,"api_version":"2010-04-01","forwarded_from":null,"caller_name":null,"uri":"\/api\/laml\/2010-04-01\/Accounts\/ce4806cb-ccb0-41e9-8bf1-7ea59536adfd\/Calls\/466e423a-8ce6-46b8-bc5a-c2789e6a7a28","subresource_uris":{"notifications":null,"recordings":"\/api\/laml\/2010-04-01\/Accounts\/ce4806cb-ccb0-41e9-8bf1-7ea59536adfd\/Calls\/466e423a-8ce6-46b8-bc5a-c2789e6a7a28\/Recordings"},"annotation":null,"group_sid":null,"audio_in_mos":null,"sip_result_code":null}}
{"event":"outgoing_recording","call_sid":"2fabdbca-a5ff-43a6-96a1-565679c9240d","recording_sid":"86428f91-93a0-4d12-b2cf-9854e85da5df","url":"https:\/\/mobilemechanic.signalwire.com\/api\/laml\/2010-04-01\/Accounts\/ce4806cb-ccb0-41e9-8bf1-7ea59536adfd\/Calls\/2fabdbca-a5ff-43a6-96a1-565679c9240d\/Recordings\/86428f91-93a0-4d12-b2cf-9854e85da5df","ts":"2026-01-03T21:54:34+00:00"}
{"event":"outgoing_call_updated","call_sid":"2fabdbca-a5ff-43a6-96a1-565679c9240d","changes":1,"ts":"2026-01-03T21:54:35+00:00"}
{"ts":"2026-01-03T21:55:00+00:00","event":"outgoing_call_connect","to":"+19042175152","from":"+19047066669","call_sid":"466e423a-8ce6-46b8-bc5a-c2789e6a7a28"}
{"event":"outgoing_recording","call_sid":"466e423a-8ce6-46b8-bc5a-c2789e6a7a28","recording_sid":"c34d8c47-fcd4-4853-b873-fe3a06d3c773","url":"https:\/\/mobilemechanic.signalwire.com\/api\/laml\/2010-04-01\/Accounts\/ce4806cb-ccb0-41e9-8bf1-7ea59536adfd\/Calls\/466e423a-8ce6-46b8-bc5a-c2789e6a7a28\/Recordings\/c34d8c47-fcd4-4853-b873-fe3a06d3c773","ts":"2026-01-03T21:55:19+00:00"}
{"event":"outgoing_call_updated","call_sid":"466e423a-8ce6-46b8-bc5a-c2789e6a7a28","changes":1,"ts":"2026-01-03T21:55:20+00:00"}
{"event":"outgoing_recording","call_sid":"466e423a-8ce6-46b8-bc5a-c2789e6a7a28","recording_sid":"d997e327-8268-4279-9408-370c26ea4793","url":"https:\/\/mobilemechanic.signalwire.com\/api\/laml\/2010-04-01\/Accounts\/ce4806cb-ccb0-41e9-8bf1-7ea59536adfd\/Calls\/466e423a-8ce6-46b8-bc5a-c2789e6a7a28\/Recordings\/d997e327-8268-4279-9408-370c26ea4793","ts":"2026-01-03T21:55:20+00:00"}
{"event":"outgoing_call_updated","call_sid":"466e423a-8ce6-46b8-bc5a-c2789e6a7a28","changes":1,"ts":"2026-01-03T21:55:20+00:00"}
{"event":"outgoing_recording","call_sid":"e427ec66-2ae9-4f0e-ac77-6e12497f7ac5","recording_sid":"337f72ae-4f4b-496c-b09b-35d55474d2ca","url":"https:\/\/mobilemechanic.signalwire.com\/api\/laml\/2010-04-01\/Accounts\/ce4806cb-ccb0-41e9-8bf1-7ea59536adfd\/Calls\/e427ec66-2ae9-4f0e-ac77-6e12497f7ac5\/Recordings\/337f72ae-4f4b-496c-b09b-35d55474d2ca","ts":"2026-01-03T21:57:54+00:00"}
{"event":"outgoing_call_updated","call_sid":"e427ec66-2ae9-4f0e-ac77-6e12497f7ac5","changes":1,"ts":"2026-01-03T21:57:55+00:00"}
{"event":"outgoing_recording","call_sid":"e427ec66-2ae9-4f0e-ac77-6e12497f7ac5","recording_sid":"313c9b32-e7e7-4919-9924-cc5e2cfdf27e","url":"https:\/\/mobilemechanic.signalwire.com\/api\/laml\/2010-04-01\/Accounts\/ce4806cb-ccb0-41e9-8bf1-7ea59536adfd\/Calls\/e427ec66-2ae9-4f0e-ac77-6e12497f7ac5\/Recordings\/313c9b32-e7e7-4919-9924-cc5e2cfdf27e","ts":"2026-01-03T21:57:55+00:00"}
{"event":"outgoing_call_updated","call_sid":"e427ec66-2ae9-4f0e-ac77-6e12497f7ac5","changes":1,"ts":"2026-01-03T21:57:55+00:00"}
{"ts":"2026-01-03T22:00:47+00:00","event":"outgoing_call_initiated","to":"+14078440231","from":"+19047066669","notes":"","provider":"signalwire"}
{"ts":"2026-01-03T22:00:47+00:00","event":"outgoing_call_response","http_code":201,"result":{"sid":"52cfe166-c2d7-424b-bc3c-e81e91f17cc5","date_created":"Sat, 03 Jan 2026 22:00:47 +0000","date_updated":"Sat, 03 Jan 2026 22:00:47 +0000","parent_call_sid":null,"account_sid":"ce4806cb-ccb0-41e9-8bf1-7ea59536adfd","to":"+14078440231","formatted_to":"407-844-0231","to_formatted":"407-844-0231","from":"+19047066669","formatted_from":"904-706-6669","from_formatted":"904-706-6669","phone_number_sid":"4dce6b0e-19df-4ec6-80b5-3b2183d45429","status":"queued","start_time":null,"end_time":null,"duration":0,"price":null,"price_unit":"USD","direction":"outbound-api","answered_by":null,"api_version":"2010-04-01","forwarded_from":null,"caller_name":null,"uri":"\/api\/laml\/2010-04-01\/Accounts\/ce4806cb-ccb0-41e9-8bf1-7ea59536adfd\/Calls\/52cfe166-c2d7-424b-bc3c-e81e91f17cc5","subresource_uris":{"notifications":null,"recordings":"\/api\/laml\/2010-04-01\/Accounts\/ce4806cb-ccb0-41e9-8bf1-7ea59536adfd\/Calls\/52cfe166-c2d7-424b-bc3c-e81e91f17cc5\/Recordings"},"annotation":null,"group_sid":null,"audio_in_mos":null,"sip_result_code":null}}
{"ts":"2026-01-03T22:01:06+00:00","event":"outgoing_call_connect","to":"+14078440231","from":"+19047066669","call_sid":"52cfe166-c2d7-424b-bc3c-e81e91f17cc5"}
{"event":"outgoing_recording","call_sid":"52cfe166-c2d7-424b-bc3c-e81e91f17cc5","recording_sid":"be137db7-29af-4b89-8a3a-32770e466284","url":"https:\/\/mobilemechanic.signalwire.com\/api\/laml\/2010-04-01\/Accounts\/ce4806cb-ccb0-41e9-8bf1-7ea59536adfd\/Calls\/52cfe166-c2d7-424b-bc3c-e81e91f17cc5\/Recordings\/be137db7-29af-4b89-8a3a-32770e466284","ts":"2026-01-03T22:01:49+00:00"}
{"event":"outgoing_call_updated","call_sid":"52cfe166-c2d7-424b-bc3c-e81e91f17cc5","changes":1,"ts":"2026-01-03T22:01:50+00:00"}
{"event":"outgoing_recording","call_sid":"52cfe166-c2d7-424b-bc3c-e81e91f17cc5","recording_sid":"c11137d1-51be-4e8c-bce8-2d6a59721e23","url":"https:\/\/mobilemechanic.signalwire.com\/api\/laml\/2010-04-01\/Accounts\/ce4806cb-ccb0-41e9-8bf1-7ea59536adfd\/Calls\/52cfe166-c2d7-424b-bc3c-e81e91f17cc5\/Recordings\/c11137d1-51be-4e8c-bce8-2d6a59721e23","ts":"2026-01-03T22:01:50+00:00"}
{"event":"outgoing_call_updated","call_sid":"52cfe166-c2d7-424b-bc3c-e81e91f17cc5","changes":1,"ts":"2026-01-03T22:01:50+00:00"}
{"ts":"2026-01-03T22:02:06+00:00","event":"outgoing_call_initiated","to":"+14078440231","from":"+19047066669","notes":"","provider":"signalwire"}
{"ts":"2026-01-03T22:02:06+00:00","event":"outgoing_call_response","http_code":201,"result":{"sid":"13f5bdc6-e7c9-417d-b97e-c3b45dff81b6","date_created":"Sat, 03 Jan 2026 22:02:06 +0000","date_updated":"Sat, 03 Jan 2026 22:02:06 +0000","parent_call_sid":null,"account_sid":"ce4806cb-ccb0-41e9-8bf1-7ea59536adfd","to":"+14078440231","formatted_to":"407-844-0231","to_formatted":"407-844-0231","from":"+19047066669","formatted_from":"904-706-6669","from_formatted":"904-706-6669","phone_number_sid":"4dce6b0e-19df-4ec6-80b5-3b2183d45429","status":"queued","start_time":null,"end_time":null,"duration":0,"price":null,"price_unit":"USD","direction":"outbound-api","answered_by":null,"api_version":"2010-04-01","forwarded_from":null,"caller_name":null,"uri":"\/api\/laml\/2010-04-01\/Accounts\/ce4806cb-ccb0-41e9-8bf1-7ea59536adfd\/Calls\/13f5bdc6-e7c9-417d-b97e-c3b45dff81b6","subresource_uris":{"notifications":null,"recordings":"\/api\/laml\/2010-04-01\/Accounts\/ce4806cb-ccb0-41e9-8bf1-7ea59536adfd\/Calls\/13f5bdc6-e7c9-417d-b97e-c3b45dff81b6\/Recordings"},"annotation":null,"group_sid":null,"audio_in_mos":null,"sip_result_code":null}}
{"ts":"2026-01-03T22:02:18+00:00","event":"outgoing_call_connect","to":"+14078440231","from":"+19047066669","call_sid":"13f5bdc6-e7c9-417d-b97e-c3b45dff81b6"}
{"event":"outgoing_recording","call_sid":"13f5bdc6-e7c9-417d-b97e-c3b45dff81b6","recording_sid":"10099332-e813-4a92-b543-9919435ba111","url":"https:\/\/mobilemechanic.signalwire.com\/api\/laml\/2010-04-01\/Accounts\/ce4806cb-ccb0-41e9-8bf1-7ea59536adfd\/Calls\/13f5bdc6-e7c9-417d-b97e-c3b45dff81b6\/Recordings\/10099332-e813-4a92-b543-9919435ba111","ts":"2026-01-03T22:02:46+00:00"}
{"event":"outgoing_call_updated","call_sid":"13f5bdc6-e7c9-417d-b97e-c3b45dff81b6","changes":1,"ts":"2026-01-03T22:02:46+00:00"}
{"event":"outgoing_recording","call_sid":"13f5bdc6-e7c9-417d-b97e-c3b45dff81b6","recording_sid":"2f9e289c-6941-4b30-a32b-15bd24eef3b3","url":"https:\/\/mobilemechanic.signalwire.com\/api\/laml\/2010-04-01\/Accounts\/ce4806cb-ccb0-41e9-8bf1-7ea59536adfd\/Calls\/13f5bdc6-e7c9-417d-b97e-c3b45dff81b6\/Recordings\/2f9e289c-6941-4b30-a32b-15bd24eef3b3","ts":"2026-01-03T22:02:46+00:00"}
{"event":"outgoing_call_updated","call_sid":"13f5bdc6-e7c9-417d-b97e-c3b45dff81b6","changes":1,"ts":"2026-01-03T22:02:46+00:00"}
{"ts":"2026-01-03T22:03:40+00:00","event":"outgoing_call_initiated","to":"+14078440231","from":"+19047066669","notes":"","provider":"signalwire"}
{"ts":"2026-01-03T22:03:41+00:00","event":"outgoing_call_response","http_code":201,"result":{"sid":"504c6aad-4544-41f6-b12f-c48472598e50","date_created":"Sat, 03 Jan 2026 22:03:41 +0000","date_updated":"Sat, 03 Jan 2026 22:03:41 +0000","parent_call_sid":null,"account_sid":"ce4806cb-ccb0-41e9-8bf1-7ea59536adfd","to":"+14078440231","formatted_to":"407-844-0231","to_formatted":"407-844-0231","from":"+19047066669","formatted_from":"904-706-6669","from_formatted":"904-706-6669","phone_number_sid":"4dce6b0e-19df-4ec6-80b5-3b2183d45429","status":"queued","start_time":null,"end_time":null,"duration":0,"price":null,"price_unit":"USD","direction":"outbound-api","answered_by":null,"api_version":"2010-04-01","forwarded_from":null,"caller_name":null,"uri":"\/api\/laml\/2010-04-01\/Accounts\/ce4806cb-ccb0-41e9-8bf1-7ea59536adfd\/Calls\/504c6aad-4544-41f6-b12f-c48472598e50","subresource_uris":{"notifications":null,"recordings":"\/api\/laml\/2010-04-01\/Accounts\/ce4806cb-ccb0-41e9-8bf1-7ea59536adfd\/Calls\/504c6aad-4544-41f6-b12f-c48472598e50\/Recordings"},"annotation":null,"group_sid":null,"audio_in_mos":null,"sip_result_code":null}}
{"ts":"2026-01-03T22:03:55+00:00","event":"outgoing_call_connect","to":"+14078440231","from":"+19047066669","call_sid":"504c6aad-4544-41f6-b12f-c48472598e50"}
{"event":"outgoing_recording","call_sid":"504c6aad-4544-41f6-b12f-c48472598e50","recording_sid":"98d5d232-c8f6-4df2-b65b-d62cb6a93269","url":"https:\/\/mobilemechanic.signalwire.com\/api\/laml\/2010-04-01\/Accounts\/ce4806cb-ccb0-41e9-8bf1-7ea59536adfd\/Calls\/504c6aad-4544-41f6-b12f-c48472598e50\/Recordings\/98d5d232-c8f6-4df2-b65b-d62cb6a93269","ts":"2026-01-03T22:05:05+00:00"}
{"event":"outgoing_call_updated","call_sid":"504c6aad-4544-41f6-b12f-c48472598e50","changes":1,"ts":"2026-01-03T22:05:06+00:00"}
{"event":"outgoing_recording","call_sid":"504c6aad-4544-41f6-b12f-c48472598e50","recording_sid":"93d414f0-b494-4d8a-99ca-06837f07cfa7","url":"https:\/\/mobilemechanic.signalwire.com\/api\/laml\/2010-04-01\/Accounts\/ce4806cb-ccb0-41e9-8bf1-7ea59536adfd\/Calls\/504c6aad-4544-41f6-b12f-c48472598e50\/Recordings\/93d414f0-b494-4d8a-99ca-06837f07cfa7","ts":"2026-01-03T22:05:06+00:00"}
{"event":"outgoing_call_updated","call_sid":"504c6aad-4544-41f6-b12f-c48472598e50","changes":1,"ts":"2026-01-03T22:05:06+00:00"}
{"ts":"2026-01-03T22:09:08+00:00","event":"outgoing_call_initiated","to":"+14078440231","from":"+19047066669","notes":"","provider":"signalwire"}
{"ts":"2026-01-03T22:09:08+00:00","event":"outgoing_call_response","http_code":201,"result":{"sid":"88be6e29-de27-4932-886d-05ab15fcbf56","date_created":"Sat, 03 Jan 2026 22:09:08 +0000","date_updated":"Sat, 03 Jan 2026 22:09:08 +0000","parent_call_sid":null,"account_sid":"ce4806cb-ccb0-41e9-8bf1-7ea59536adfd","to":"+14078440231","formatted_to":"407-844-0231","to_formatted":"407-844-0231","from":"+19047066669","formatted_from":"904-706-6669","from_formatted":"904-706-6669","phone_number_sid":"4dce6b0e-19df-4ec6-80b5-3b2183d45429","status":"queued","start_time":null,"end_time":null,"duration":0,"price":null,"price_unit":"USD","direction":"outbound-api","answered_by":null,"api_version":"2010-04-01","forwarded_from":null,"caller_name":null,"uri":"\/api\/laml\/2010-04-01\/Accounts\/ce4806cb-ccb0-41e9-8bf1-7ea59536adfd\/Calls\/88be6e29-de27-4932-886d-05ab15fcbf56","subresource_uris":{"notifications":null,"recordings":"\/api\/laml\/2010-04-01\/Accounts\/ce4806cb-ccb0-41e9-8bf1-7ea59536adfd\/Calls\/88be6e29-de27-4932-886d-05ab15fcbf56\/Recordings"},"annotation":null,"group_sid":null,"audio_in_mos":null,"sip_result_code":null}}
{"ts":"2026-01-03T22:09:17+00:00","event":"outgoing_call_connect","to":"+14078440231","from":"+19047066669","call_sid":"88be6e29-de27-4932-886d-05ab15fcbf56"}
{"event":"outgoing_recording","call_sid":"88be6e29-de27-4932-886d-05ab15fcbf56","recording_sid":"9ae5ddc9-a654-4c02-aff6-a94f8a1604c6","url":"https:\/\/mobilemechanic.signalwire.com\/api\/laml\/2010-04-01\/Accounts\/ce4806cb-ccb0-41e9-8bf1-7ea59536adfd\/Calls\/88be6e29-de27-4932-886d-05ab15fcbf56\/Recordings\/9ae5ddc9-a654-4c02-aff6-a94f8a1604c6","ts":"2026-01-03T22:09:33+00:00"}
{"event":"outgoing_call_updated","call_sid":"88be6e29-de27-4932-886d-05ab15fcbf56","changes":1,"ts":"2026-01-03T22:09:34+00:00"}
{"event":"outgoing_recording","call_sid":"88be6e29-de27-4932-886d-05ab15fcbf56","recording_sid":"4d3f3693-9a97-4be6-9ad3-1597223d499c","url":"https:\/\/mobilemechanic.signalwire.com\/api\/laml\/2010-04-01\/Accounts\/ce4806cb-ccb0-41e9-8bf1-7ea59536adfd\/Calls\/88be6e29-de27-4932-886d-05ab15fcbf56\/Recordings\/4d3f3693-9a97-4be6-9ad3-1597223d499c","ts":"2026-01-03T22:09:34+00:00"}
{"event":"outgoing_call_updated","call_sid":"88be6e29-de27-4932-886d-05ab15fcbf56","changes":1,"ts":"2026-01-03T22:09:35+00:00"}
{"ts":"2026-01-03T22:11:08+00:00","event":"domain_detected","detected":"mechanicstaugustine.com","to_field":"+19047066669"}
{"ts":"2026-01-03T22:11:08+00:00","event":"incoming_call","from":"+19046634789","to":"+19047066669","call_sid":"dc2c41e6-a536-4525-ad02-d5fe157ca0ce"}
{"ts":"2026-01-03T22:11:34+00:00","event":"domain_detected","detected":"mechanicstaugustine.com","to_field":"+19047066669"}
{"ts":"2026-01-03T22:11:34+00:00","event":"dial_result","domain":"mechanicstaugustine.com","dial_status":"completed","call_sid":"dc2c41e6-a536-4525-ad02-d5fe157ca0ce","from":"+19046634789"}
{"ts":"2026-01-03T22:11:34+00:00","event":"domain_detected","detected":"mechanicstaugustine.com","to_field":"none"}
{"event":"call_recording","recording_sid":"e7307346-859f-47fb-a021-ba0dec86e913","from":"","ts":"2026-01-03T22:11:34+00:00"}
{"event":"transcribed","recording_sid":"e7307346-859f-47fb-a021-ba0dec86e913","length":41,"ts":"2026-01-03T22:11:40+00:00"}
{"event":"call_recording_processed","recording_sid":"e7307346-859f-47fb-a021-ba0dec86e913","customer_data":{"name":null,"phone":"","address":null,"email":null,"source":"Phone - Voicemail","notes":"Transcript:\nSo you need to press 1 to take this call."},"crm_ok":true,"ezlead_ok":false,"distributed_to":0,"ts":"2026-01-03T22:11:44+00:00"}
{"ts":"2026-01-03T22:12:06+00:00","event":"domain_detected","detected":"mechanicstaugustine.com","to_field":"none"}
{"event":"call_recording","recording_sid":"e7307346-859f-47fb-a021-ba0dec86e913","from":"","ts":"2026-01-03T22:12:06+00:00"}
{"event":"transcribed","recording_sid":"e7307346-859f-47fb-a021-ba0dec86e913","length":41,"ts":"2026-01-03T22:12:08+00:00"}
{"event":"call_recording_processed","recording_sid":"e7307346-859f-47fb-a021-ba0dec86e913","customer_data":{"name":null,"phone":"","address":null,"email":null,"source":"Phone - Voicemail","notes":"Transcript:\nSo you need to press 1 to take this call."},"crm_ok":true,"ezlead_ok":false,"distributed_to":0,"ts":"2026-01-03T22:12:12+00:00"}
{"ts":"2026-01-03T22:12:46+00:00","event":"domain_detected","detected":"mechanicstaugustine.com","to_field":"none"}
{"event":"call_recording","recording_sid":"e7307346-859f-47fb-a021-ba0dec86e913","from":"","ts":"2026-01-03T22:12:46+00:00"}
{"event":"transcribed","recording_sid":"e7307346-859f-47fb-a021-ba0dec86e913","length":41,"ts":"2026-01-03T22:12:48+00:00"}
{"event":"call_recording_processed","recording_sid":"e7307346-859f-47fb-a021-ba0dec86e913","customer_data":{"name":null,"phone":"","address":null,"email":null,"source":"Phone - Voicemail","notes":"Transcript:\nSo you need to press 1 to take this call."},"crm_ok":true,"ezlead_ok":false,"distributed_to":0,"ts":"2026-01-03T22:12:51+00:00"}
{"ts":"2026-01-03T23:28:23+00:00","event":"domain_detected","detected":"mechanicstaugustine.com","to_field":"+19047066669"}
{"ts":"2026-01-03T23:28:23+00:00","event":"incoming_call","from":"+19042175152","to":"+19047066669","call_sid":"abf158eb-1d05-454b-83ed-03b8ff43906f"}
{"ts":"2026-01-03T23:29:11+00:00","event":"domain_detected","detected":"mechanicstaugustine.com","to_field":"+19047066669"}
{"ts":"2026-01-03T23:29:11+00:00","event":"dial_result","domain":"mechanicstaugustine.com","dial_status":"completed","call_sid":"abf158eb-1d05-454b-83ed-03b8ff43906f","from":"+19042175152"}
{"ts":"2026-01-03T23:29:11+00:00","event":"domain_detected","detected":"mechanicstaugustine.com","to_field":"none"}
{"event":"call_recording","recording_sid":"adc40264-8a31-4b58-9763-f2a536f94709","from":"","ts":"2026-01-03T23:29:11+00:00"}
{"event":"transcribed","recording_sid":"adc40264-8a31-4b58-9763-f2a536f94709","length":262,"ts":"2026-01-03T23:29:18+00:00"}
{"event":"call_recording_processed","recording_sid":"adc40264-8a31-4b58-9763-f2a536f94709","customer_data":{"name":"AJ Deuce","phone":"","address":null,"email":null,"source":"Phone - Voicemail","notes":"Transcript:\nHello? Hello? Hi, this is AJ Deuce. I need a new tire on my wheel alignment. It's off and it's blowing and it's shredding rubber all over the interstate. The cars behind me hate me. It's smoky, it smells like burnt rubber, and I just keep going. I love you. Bye.","first_name":"AJ","last_name":"Deuce"},"crm_ok":true,"ezlead_ok":false,"distributed_to":0,"ts":"2026-01-03T23:29:21+00:00"}
{"ts":"2026-01-03T23:29:36+00:00","event":"domain_detected","detected":"mechanicstaugustine.com","to_field":"none"}
{"event":"call_recording","recording_sid":"adc40264-8a31-4b58-9763-f2a536f94709","from":"","ts":"2026-01-03T23:29:36+00:00"}
{"event":"transcribed","recording_sid":"adc40264-8a31-4b58-9763-f2a536f94709","length":262,"ts":"2026-01-03T23:29:38+00:00"}
{"event":"call_recording_processed","recording_sid":"adc40264-8a31-4b58-9763-f2a536f94709","customer_data":{"name":"AJ Deuce","phone":"","address":null,"email":null,"source":"Phone - Voicemail","notes":"Transcript:\nHello? Hello? Hi, this is AJ Deuce. I need a new tire on my wheel alignment. It's off and it's blowing and it's shredding rubber all over the interstate. The cars behind me hate me. It's smoky, it smells like burnt rubber, and I just keep going. I love you. Bye.","first_name":"AJ","last_name":"Deuce"},"crm_ok":true,"ezlead_ok":false,"distributed_to":0,"ts":"2026-01-03T23:29:41+00:00"}
{"ts":"2026-01-03T23:29:57+00:00","event":"domain_detected","detected":"mechanicstaugustine.com","to_field":"none"}
{"event":"call_recording","recording_sid":"adc40264-8a31-4b58-9763-f2a536f94709","from":"","ts":"2026-01-03T23:29:57+00:00"}
{"event":"transcribed","recording_sid":"adc40264-8a31-4b58-9763-f2a536f94709","length":262,"ts":"2026-01-03T23:30:00+00:00"}
{"event":"call_recording_processed","recording_sid":"adc40264-8a31-4b58-9763-f2a536f94709","customer_data":{"name":"AJ Deuce","phone":"","address":null,"email":null,"source":"Phone - Voicemail","notes":"Transcript:\nHello? Hello? Hi, this is AJ Deuce. I need a new tire on my wheel alignment. It's off and it's blowing and it's shredding rubber all over the interstate. The cars behind me hate me. It's smoky, it smells like burnt rubber, and I just keep going. I love you. Bye.","first_name":"AJ","last_name":"Deuce"},"crm_ok":true,"ezlead_ok":false,"distributed_to":0,"ts":"2026-01-03T23:30:03+00:00"}
{"ts":"2026-01-04T05:05:06+00:00","event":"outgoing_call_initiated","agent":"+19042175152","target":"+14078440231","from":"+19047066669","notes":"Test new flow","provider":"signalwire"}
{"ts":"2026-01-04T05:05:06+00:00","event":"outgoing_call_response","http_code":201,"result":{"sid":"4c419a07-2aa8-4703-a4a1-4b605d5ba4b0","date_created":"Sun, 04 Jan 2026 05:05:06 +0000","date_updated":"Sun, 04 Jan 2026 05:05:06 +0000","parent_call_sid":null,"account_sid":"ce4806cb-ccb0-41e9-8bf1-7ea59536adfd","to":"+19042175152","formatted_to":"904-217-5152","to_formatted":"904-217-5152","from":"+19047066669","formatted_from":"904-706-6669","from_formatted":"904-706-6669","phone_number_sid":"4dce6b0e-19df-4ec6-80b5-3b2183d45429","status":"queued","start_time":null,"end_time":null,"duration":0,"price":null,"price_unit":"USD","direction":"outbound-api","answered_by":null,"api_version":"2010-04-01","forwarded_from":null,"caller_name":null,"uri":"\/api\/laml\/2010-04-01\/Accounts\/ce4806cb-ccb0-41e9-8bf1-7ea59536adfd\/Calls\/4c419a07-2aa8-4703-a4a1-4b605d5ba4b0","subresource_uris":{"notifications":null,"recordings":"\/api\/laml\/2010-04-01\/Accounts\/ce4806cb-ccb0-41e9-8bf1-7ea59536adfd\/Calls\/4c419a07-2aa8-4703-a4a1-4b605d5ba4b0\/Recordings"},"annotation":null,"group_sid":null,"audio_in_mos":null,"sip_result_code":null}}
{"ts":"2026-01-04T05:05:23+00:00","event":"outgoing_call_connect","to":"+14078440231","from":"+19047066669","call_sid":"4c419a07-2aa8-4703-a4a1-4b605d5ba4b0"}
{"event":"outgoing_recording","call_sid":"4c419a07-2aa8-4703-a4a1-4b605d5ba4b0","recording_sid":"ed61c106-4cbc-4528-9b07-f9db0db39dd0","url":"https:\/\/mobilemechanic.signalwire.com\/api\/laml\/2010-04-01\/Accounts\/ce4806cb-ccb0-41e9-8bf1-7ea59536adfd\/Calls\/4c419a07-2aa8-4703-a4a1-4b605d5ba4b0\/Recordings\/ed61c106-4cbc-4528-9b07-f9db0db39dd0","ts":"2026-01-04T05:05:33+00:00"}
{"event":"outgoing_call_updated","call_sid":"4c419a07-2aa8-4703-a4a1-4b605d5ba4b0","changes":1,"ts":"2026-01-04T05:05:33+00:00"}
{"ts":"2026-01-04T05:08:05+00:00","event":"outgoing_call_initiated","agent":"+19042175152","target":"+19042175152","from":"+19047066669","notes":"Test call","provider":"signalwire"}
{"ts":"2026-01-04T05:08:05+00:00","event":"outgoing_call_response","http_code":201,"result":{"sid":"fbebc6a0-121f-4508-a80e-d0307ef0c8de","date_created":"Sun, 04 Jan 2026 05:08:05 +0000","date_updated":"Sun, 04 Jan 2026 05:08:05 +0000","parent_call_sid":null,"account_sid":"ce4806cb-ccb0-41e9-8bf1-7ea59536adfd","to":"+19042175152","formatted_to":"904-217-5152","to_formatted":"904-217-5152","from":"+19047066669","formatted_from":"904-706-6669","from_formatted":"904-706-6669","phone_number_sid":"4dce6b0e-19df-4ec6-80b5-3b2183d45429","status":"queued","start_time":null,"end_time":null,"duration":0,"price":null,"price_unit":"USD","direction":"outbound-api","answered_by":null,"api_version":"2010-04-01","forwarded_from":null,"caller_name":null,"uri":"\/api\/laml\/2010-04-01\/Accounts\/ce4806cb-ccb0-41e9-8bf1-7ea59536adfd\/Calls\/fbebc6a0-121f-4508-a80e-d0307ef0c8de","subresource_uris":{"notifications":null,"recordings":"\/api\/laml\/2010-04-01\/Accounts\/ce4806cb-ccb0-41e9-8bf1-7ea59536adfd\/Calls\/fbebc6a0-121f-4508-a80e-d0307ef0c8de\/Recordings"},"annotation":null,"group_sid":null,"audio_in_mos":null,"sip_result_code":null}}
{"ts":"2026-01-04T05:08:17+00:00","event":"outgoing_call_connect","to":"+19042175152","from":"+19047066669","call_sid":"fbebc6a0-121f-4508-a80e-d0307ef0c8de"}
{"event":"outgoing_recording","call_sid":"fbebc6a0-121f-4508-a80e-d0307ef0c8de","recording_sid":"415912a2-0389-4b3b-90d9-d210d1c7fee2","url":"https:\/\/mobilemechanic.signalwire.com\/api\/laml\/2010-04-01\/Accounts\/ce4806cb-ccb0-41e9-8bf1-7ea59536adfd\/Calls\/fbebc6a0-121f-4508-a80e-d0307ef0c8de\/Recordings\/415912a2-0389-4b3b-90d9-d210d1c7fee2","ts":"2026-01-04T05:09:11+00:00"}
{"event":"outgoing_recording","call_sid":"fbebc6a0-121f-4508-a80e-d0307ef0c8de","recording_sid":"f27d2bfe-0bd4-468f-8763-4db9def6ef63","url":"https:\/\/mobilemechanic.signalwire.com\/api\/laml\/2010-04-01\/Accounts\/ce4806cb-ccb0-41e9-8bf1-7ea59536adfd\/Calls\/fbebc6a0-121f-4508-a80e-d0307ef0c8de\/Recordings\/f27d2bfe-0bd4-468f-8763-4db9def6ef63","ts":"2026-01-04T05:09:11+00:00"}
{"event":"outgoing_call_updated","call_sid":"fbebc6a0-121f-4508-a80e-d0307ef0c8de","changes":1,"ts":"2026-01-04T05:09:11+00:00"}
{"event":"outgoing_call_updated","call_sid":"fbebc6a0-121f-4508-a80e-d0307ef0c8de","changes":1,"ts":"2026-01-04T05:09:12+00:00"}
{"ts":"2026-01-04T14:15:31+00:00","event":"outgoing_call_initiated","agent":"+19042175152","target":"+19042175152","from":"+19047066669","notes":"Test call","provider":"signalwire"}
{"ts":"2026-01-04T14:15:31+00:00","event":"outgoing_call_response","http_code":201,"result":{"sid":"a953c5a0-c9f6-4533-90db-82d14ae6ecd4","date_created":"Sun, 04 Jan 2026 14:15:31 +0000","date_updated":"Sun, 04 Jan 2026 14:15:31 +0000","parent_call_sid":null,"account_sid":"ce4806cb-ccb0-41e9-8bf1-7ea59536adfd","to":"+19042175152","formatted_to":"904-217-5152","to_formatted":"904-217-5152","from":"+19047066669","formatted_from":"904-706-6669","from_formatted":"904-706-6669","phone_number_sid":"4dce6b0e-19df-4ec6-80b5-3b2183d45429","status":"queued","start_time":null,"end_time":null,"duration":0,"price":null,"price_unit":"USD","direction":"outbound-api","answered_by":null,"api_version":"2010-04-01","forwarded_from":null,"caller_name":null,"uri":"\/api\/laml\/2010-04-01\/Accounts\/ce4806cb-ccb0-41e9-8bf1-7ea59536adfd\/Calls\/a953c5a0-c9f6-4533-90db-82d14ae6ecd4","subresource_uris":{"notifications":null,"recordings":"\/api\/laml\/2010-04-01\/Accounts\/ce4806cb-ccb0-41e9-8bf1-7ea59536adfd\/Calls\/a953c5a0-c9f6-4533-90db-82d14ae6ecd4\/Recordings"},"annotation":null,"group_sid":null,"audio_in_mos":null,"sip_result_code":null}}
{"ts":"2026-01-04T14:15:48+00:00","event":"outgoing_call_connect","to":"+19042175152","from":"+19047066669","call_sid":"a953c5a0-c9f6-4533-90db-82d14ae6ecd4"}
{"event":"outgoing_recording","call_sid":"a953c5a0-c9f6-4533-90db-82d14ae6ecd4","recording_sid":"ea8a23bd-26d4-4b0e-8e6e-f9531b0ce0cd","url":"https:\/\/mobilemechanic.signalwire.com\/api\/laml\/2010-04-01\/Accounts\/ce4806cb-ccb0-41e9-8bf1-7ea59536adfd\/Calls\/a953c5a0-c9f6-4533-90db-82d14ae6ecd4\/Recordings\/ea8a23bd-26d4-4b0e-8e6e-f9531b0ce0cd","ts":"2026-01-04T14:16:42+00:00"}
{"event":"outgoing_call_updated","call_sid":"a953c5a0-c9f6-4533-90db-82d14ae6ecd4","changes":1,"ts":"2026-01-04T14:16:43+00:00"}
{"event":"outgoing_recording","call_sid":"a953c5a0-c9f6-4533-90db-82d14ae6ecd4","recording_sid":"a79612aa-570d-4620-96bd-0fe90a587254","url":"https:\/\/mobilemechanic.signalwire.com\/api\/laml\/2010-04-01\/Accounts\/ce4806cb-ccb0-41e9-8bf1-7ea59536adfd\/Calls\/a953c5a0-c9f6-4533-90db-82d14ae6ecd4\/Recordings\/a79612aa-570d-4620-96bd-0fe90a587254","ts":"2026-01-04T14:16:44+00:00"}
{"event":"outgoing_call_updated","call_sid":"a953c5a0-c9f6-4533-90db-82d14ae6ecd4","changes":1,"ts":"2026-01-04T14:16:44+00:00"}
